2025-04-08 09:52:42,445 [INFO] Activator:176 - 


2025-04-08 09:52:42,451 [INFO] Activator:177 - !SESSION log4j initialized
2025-04-08 09:52:46,796 [INFO] LogOutputStream:77 - [STDOUT_REDIRECT] 
2025-04-08 09:52:47,549 [INFO] ApplicationProperties:184 - Using Application install path: C:\ST\STM32CubeIDE_1.18.0\STM32CubeIDE\plugins\com.st.stm32cube.common.mx_6.14.0.202502271554
2025-04-08 09:52:47,566 [INFO] DbMcusXml:78 - Set database path to: C:\ST\STM32CubeIDE_1.18.0\STM32CubeIDE\plugins\com.st.stm32cube.common.mx_6.14.0.202502271554\\db\/mcu/
2025-04-08 09:52:47,566 [INFO] ApiDb:274 - Set plugin database path to: C:\ST\STM32CubeIDE_1.18.0\STM32CubeIDE\plugins\com.st.stm32cube.common.mx_6.14.0.202502271554\\db\/plugins/boardmanager/
2025-04-08 09:52:47,567 [WARN] ApiDb:259 - Overriding images path with different value:  => C:\ST\STM32CubeIDE_1.18.0\STM32CubeIDE\plugins\com.st.stm32cube.common.mx_6.14.0.202502271554\\db\/plugins/mcufinder/images/
2025-04-08 09:52:47,574 [INFO] ApiDb:250 - Set database path to: C:\Users\School\.stmcufinder\plugins\mcufinder//mcu/
2025-04-08 09:52:47,574 [INFO] DbMcusAds:125 - Set database path to: C:\Users\School\.stmcufinder\plugins\mcufinder//mcu/
2025-04-08 09:52:47,576 [INFO] CrossReferenceDbSqlite:203 - Set database path to: C:\Users\School\.stmcufinder\plugins\mcufinder//mcu/cs/
2025-04-08 09:52:47,680 [INFO] RulesReader:64 - Compatibility file has been processed (301 Rules)
2025-04-08 09:52:47,764 [INFO] DbMcusXml:78 - Set database path to: C:\ST\STM32CubeIDE_1.18.0\STM32CubeIDE\plugins\com.st.stm32cube.common.mx_6.14.0.202502271554\\db\/mcu/
2025-04-08 09:52:47,764 [INFO] ApiDb:274 - Set plugin database path to: C:\ST\STM32CubeIDE_1.18.0\STM32CubeIDE\plugins\com.st.stm32cube.common.mx_6.14.0.202502271554\\db\/plugins/boardmanager/
2025-04-08 09:52:47,765 [INFO] ApiDb:261 - Set plugin images path to: C:\ST\STM32CubeIDE_1.18.0\STM32CubeIDE\plugins\com.st.stm32cube.common.mx_6.14.0.202502271554\\db\/plugins/mcufinder/images/
2025-04-08 09:52:47,765 [WARN] DbFile:41 - Overriding database path with different value: C:\Users\School\.stmcufinder\plugins\mcufinder/ => C:\Users\School\.stmcufinder\plugins\mcufinder
2025-04-08 09:52:47,765 [INFO] ApiDb:250 - Set database path to: C:\Users\School\.stmcufinder\plugins\mcufinder//mcu/
2025-04-08 09:52:47,765 [WARN] DbFile:41 - Overriding database path with different value: C:\Users\School\.stmcufinder\plugins\mcufinder/ => C:\Users\School\.stmcufinder\plugins\mcufinder
2025-04-08 09:52:47,765 [INFO] DbMcusAds:125 - Set database path to: C:\Users\School\.stmcufinder\plugins\mcufinder//mcu/
2025-04-08 09:52:47,765 [WARN] DbFile:41 - Overriding database path with different value: C:\Users\School\.stmcufinder\plugins\mcufinder/ => C:\Users\School\.stmcufinder\plugins\mcufinder
2025-04-08 09:52:47,765 [WARN] DbFile:41 - Overriding database path with different value: C:\Users\School\.stmcufinder\plugins\mcufinder/ => C:\Users\School\.stmcufinder\plugins\mcufinder
2025-04-08 09:52:47,765 [INFO] CrossReferenceDbSqlite:203 - Set database path to: C:\Users\School\.stmcufinder\plugins\mcufinder//mcu/cs/
2025-04-08 09:52:47,833 [INFO] MainPanel:272 - HeapMemory: 268435456
2025-04-08 09:52:47,950 [INFO] DbMcusXml:78 - Set database path to: C:\ST\STM32CubeIDE_1.18.0\STM32CubeIDE\plugins\com.st.stm32cube.common.mx_6.14.0.202502271554\\db\/mcu/
2025-04-08 09:52:47,950 [INFO] ApiDb:274 - Set plugin database path to: C:\ST\STM32CubeIDE_1.18.0\STM32CubeIDE\plugins\com.st.stm32cube.common.mx_6.14.0.202502271554\\db\/plugins/boardmanager/
2025-04-08 09:52:47,952 [INFO] ApiDb:261 - Set plugin images path to: C:\ST\STM32CubeIDE_1.18.0\STM32CubeIDE\plugins\com.st.stm32cube.common.mx_6.14.0.202502271554\\db\/plugins/mcufinder/images/
2025-04-08 09:52:47,952 [WARN] DbFile:41 - Overriding database path with different value: C:\Users\School\.stmcufinder\plugins\mcufinder/ => C:\Users\School\.stmcufinder\plugins\mcufinder
2025-04-08 09:52:47,952 [INFO] ApiDb:250 - Set database path to: C:\Users\School\.stmcufinder\plugins\mcufinder//mcu/
2025-04-08 09:52:47,952 [WARN] DbFile:41 - Overriding database path with different value: C:\Users\School\.stmcufinder\plugins\mcufinder/ => C:\Users\School\.stmcufinder\plugins\mcufinder
2025-04-08 09:52:47,952 [INFO] DbMcusAds:125 - Set database path to: C:\Users\School\.stmcufinder\plugins\mcufinder//mcu/
2025-04-08 09:52:47,952 [WARN] DbFile:41 - Overriding database path with different value: C:\Users\School\.stmcufinder\plugins\mcufinder/ => C:\Users\School\.stmcufinder\plugins\mcufinder
2025-04-08 09:52:47,952 [WARN] DbFile:41 - Overriding database path with different value: C:\Users\School\.stmcufinder\plugins\mcufinder/ => C:\Users\School\.stmcufinder\plugins\mcufinder
2025-04-08 09:52:47,952 [INFO] CrossReferenceDbSqlite:203 - Set database path to: C:\Users\School\.stmcufinder\plugins\mcufinder//mcu/cs/
2025-04-08 09:52:47,968 [INFO] ApplicationProperties:184 - Using Application install path: C:\ST\STM32CubeIDE_1.18.0\STM32CubeIDE\plugins\com.st.stm32cube.common.mx_6.14.0.202502271554
2025-04-08 09:52:47,969 [INFO] PluginManage:196 - Search for loadable plugins [exclusion list=, ]
2025-04-08 09:52:47,970 [INFO] PluginManage:310 - Check plugin analytics
2025-04-08 09:52:48,100 [INFO] AnalyticsPlugin:253 - Accepted Software Licenses: 
2025-04-08 09:52:48,100 [INFO] AnalyticsPlugin:255 - Accepted CMSIS Pack Licenses: 
2025-04-08 09:52:48,100 [INFO] AnalyticsPlugin:257 - Accepted Firmware Licenses: FW.WB.1.22.0
2025-04-08 09:52:48,103 [INFO] PluginManage:359 - Loaded plugin analytics (category:tool,tabindex:-1)
2025-04-08 09:52:48,103 [INFO] PluginManage:310 - Check plugin cadmodel
2025-04-08 09:52:48,108 [INFO] CADModel:105 - Init CAD model plugin
2025-04-08 09:52:48,108 [INFO] PluginManage:359 - Loaded plugin cadmodel (category:power,tabindex:5)
2025-04-08 09:52:48,108 [INFO] PluginManage:310 - Check plugin clock
2025-04-08 09:52:48,124 [INFO] PluginManage:359 - Loaded plugin clock (category:base,tabindex:2)
2025-04-08 09:52:48,124 [INFO] PluginManage:310 - Check plugin ddr
2025-04-08 09:52:48,127 [INFO] PluginManage:359 - Loaded plugin ddr (category:tool,tabindex:6)
2025-04-08 09:52:48,127 [INFO] PluginManage:310 - Check plugin filemanager
2025-04-08 09:52:48,244 [INFO] PluginManage:359 - Loaded plugin filemanager (category:base,tabindex:10)
2025-04-08 09:52:48,244 [INFO] PluginManage:310 - Check plugin ipmanager
2025-04-08 09:52:48,250 [INFO] PluginManage:359 - Loaded plugin ipmanager (category:base,tabindex:5)
2025-04-08 09:52:48,251 [INFO] PluginManage:310 - Check plugin lpbam
2025-04-08 09:52:48,257 [INFO] PluginManage:359 - Loaded plugin lpbam (category:base,tabindex:0)
2025-04-08 09:52:48,257 [INFO] PluginManage:310 - Check plugin memorymap
2025-04-08 09:52:48,271 [INFO] PluginManage:359 - Loaded plugin memorymap (category:base,tabindex:4)
2025-04-08 09:52:48,271 [INFO] PluginManage:310 - Check plugin pinoutandconfiguration
2025-04-08 09:52:48,280 [INFO] PluginManage:359 - Loaded plugin pinoutandconfiguration (category:base,tabindex:1)
2025-04-08 09:52:48,280 [INFO] PluginManage:310 - Check plugin pinoutconfig
2025-04-08 09:52:48,360 [WARN] SupportedApi:132 - Cannot load RTOS API schema: s4s-elt-must-match.1: The content of 'definitions' must match (annotation?, (simpleType | complexType)?, (unique | key | keyref)*)). A problem was found starting at: attribute.
2025-04-08 09:52:48,480 [INFO] PluginManage:359 - Loaded plugin pinoutconfig (category:base,tabindex:0)
2025-04-08 09:52:48,481 [INFO] PluginManage:310 - Check plugin power
2025-04-08 09:52:48,489 [INFO] PluginManage:359 - Loaded plugin power (category:power,tabindex:4)
2025-04-08 09:52:48,489 [INFO] PluginManage:310 - Check plugin projectmanager
2025-04-08 09:52:48,501 [INFO] PluginManage:359 - Loaded plugin projectmanager (category:projectmanager,tabindex:4)
2025-04-08 09:52:48,502 [INFO] PluginManage:310 - Check plugin rif
2025-04-08 09:52:48,510 [INFO] PluginManage:359 - Loaded plugin rif (category:base,tabindex:3)
2025-04-08 09:52:48,510 [INFO] PluginManage:310 - Check plugin thirdparty
2025-04-08 09:52:48,637 [INFO] PluginManage:359 - Loaded plugin thirdparty (category:base,tabindex:-1)
2025-04-08 09:52:48,637 [WARN] IntegrityCheckThread:84 - waiting for thirdparty lock release [integrity check]
2025-04-08 09:52:48,638 [INFO] PluginManage:310 - Check plugin tools
2025-04-08 09:52:48,638 [INFO] IntegrityCheckThread:86 - entering critical section [integrity check]
2025-04-08 09:52:48,638 [INFO] ThirdPartyUpdaterWithRetryManager:70 - Updater plugin not ready yet. [1/15]
2025-04-08 09:52:48,641 [INFO] PluginManage:359 - Loaded plugin tools (category:base,tabindex:7)
2025-04-08 09:52:48,641 [INFO] PluginManage:310 - Check plugin tutovideos
2025-04-08 09:52:48,807 [INFO] PluginManage:359 - Loaded plugin tutovideos (category:base,tabindex:-1)
2025-04-08 09:52:48,807 [INFO] PluginManage:310 - Check plugin updater
2025-04-08 09:52:48,831 [INFO] PluginManage:359 - Loaded plugin updater (category:base,tabindex:12)
2025-04-08 09:52:48,831 [INFO] PluginManage:310 - Check plugin userauth
2025-04-08 09:52:48,835 [INFO] UserAuth:118 - Init User Auth plugin
2025-04-08 09:52:48,837 [INFO] PluginManage:359 - Loaded plugin userauth (category:base,tabindex:14)
2025-04-08 09:52:48,837 [INFO] PluginManage:283 - PluginManage : Loaded plugins [18]
2025-04-08 09:52:49,011 [INFO] PinOutPanel:1589 - setPackage(No Configuration,No Configuration)
2025-04-08 09:52:49,082 [INFO] CADModel:165 - CPN selected for project level
2025-04-08 09:52:49,082 [INFO] CADModel:114 - Register for checkConnection events
2025-04-08 09:52:49,102 [INFO] IPUIPlugin:80 - create IPUIPlugin
2025-04-08 09:52:49,102 [INFO] PluginManager:220 - loadIPPluginJar : add adc
2025-04-08 09:52:49,105 [INFO] IPUIPlugin:80 - create IPUIPlugin
2025-04-08 09:52:49,106 [INFO] PluginManager:220 - loadIPPluginJar : add aes
2025-04-08 09:52:49,108 [INFO] IPUIPlugin:80 - create IPUIPlugin
2025-04-08 09:52:49,108 [INFO] PluginManager:220 - loadIPPluginJar : add can
2025-04-08 09:52:49,110 [INFO] IPUIPlugin:80 - create IPUIPlugin
2025-04-08 09:52:49,110 [INFO] PluginManager:220 - loadIPPluginJar : add comp
2025-04-08 09:52:49,114 [INFO] IPUIPlugin:80 - create IPUIPlugin
2025-04-08 09:52:49,114 [INFO] PluginManager:220 - loadIPPluginJar : add cryp
2025-04-08 09:52:49,118 [INFO] IPUIPlugin:80 - create IPUIPlugin
2025-04-08 09:52:49,118 [INFO] PluginManager:220 - loadIPPluginJar : add ddr_ctrl_phy
2025-04-08 09:52:49,122 [INFO] IPUIPlugin:80 - create IPUIPlugin
2025-04-08 09:52:49,122 [INFO] PluginManager:220 - loadIPPluginJar : add dfsdm
2025-04-08 09:52:49,127 [INFO] IPUIPlugin:80 - create IPUIPlugin
2025-04-08 09:52:49,128 [INFO] PluginManager:220 - loadIPPluginJar : add dma
2025-04-08 09:52:49,131 [INFO] IPUIPlugin:80 - create IPUIPlugin
2025-04-08 09:52:49,131 [INFO] PluginManager:220 - loadIPPluginJar : add dma3
2025-04-08 09:52:49,134 [INFO] IPUIPlugin:80 - create IPUIPlugin
2025-04-08 09:52:49,135 [INFO] PluginManager:220 - loadIPPluginJar : add extmemmanager
2025-04-08 09:52:49,136 [INFO] IPUIPlugin:80 - create IPUIPlugin
2025-04-08 09:52:49,136 [INFO] PluginManager:220 - loadIPPluginJar : add fatfs
2025-04-08 09:52:49,140 [INFO] IPUIPlugin:80 - create IPUIPlugin
2025-04-08 09:52:49,140 [INFO] PluginManager:220 - loadIPPluginJar : add fmc
2025-04-08 09:52:49,147 [INFO] IPUIPlugin:80 - create IPUIPlugin
2025-04-08 09:52:49,147 [INFO] PluginManager:220 - loadIPPluginJar : add freertos
2025-04-08 09:52:49,150 [INFO] IPUIPlugin:80 - create IPUIPlugin
2025-04-08 09:52:49,150 [INFO] PluginManager:220 - loadIPPluginJar : add genericplugin
2025-04-08 09:52:49,152 [INFO] IPUIPlugin:80 - create IPUIPlugin
2025-04-08 09:52:49,152 [INFO] PluginManager:220 - loadIPPluginJar : add gfxmmu
2025-04-08 09:52:49,155 [INFO] IPUIPlugin:80 - create IPUIPlugin
2025-04-08 09:52:49,156 [INFO] PluginManager:220 - loadIPPluginJar : add gic
2025-04-08 09:52:49,159 [INFO] IPUIPlugin:80 - create IPUIPlugin
2025-04-08 09:52:49,159 [INFO] PluginManager:220 - loadIPPluginJar : add gpio
2025-04-08 09:52:49,162 [INFO] IPUIPlugin:80 - create IPUIPlugin
2025-04-08 09:52:49,162 [INFO] PluginManager:220 - loadIPPluginJar : add gtzc
2025-04-08 09:52:49,165 [INFO] IPUIPlugin:80 - create IPUIPlugin
2025-04-08 09:52:49,165 [INFO] PluginManager:220 - loadIPPluginJar : add hash
2025-04-08 09:52:49,167 [INFO] IPUIPlugin:80 - create IPUIPlugin
2025-04-08 09:52:49,167 [INFO] PluginManager:220 - loadIPPluginJar : add i2c
2025-04-08 09:52:49,171 [INFO] IPUIPlugin:80 - create IPUIPlugin
2025-04-08 09:52:49,171 [INFO] PluginManager:220 - loadIPPluginJar : add i2s
2025-04-08 09:52:49,174 [INFO] IPUIPlugin:80 - create IPUIPlugin
2025-04-08 09:52:49,174 [INFO] PluginManager:220 - loadIPPluginJar : add i3c
2025-04-08 09:52:49,178 [INFO] IPUIPlugin:80 - create IPUIPlugin
2025-04-08 09:52:49,179 [INFO] PluginManager:220 - loadIPPluginJar : add ipddr
2025-04-08 09:52:49,186 [INFO] IPUIPlugin:80 - create IPUIPlugin
2025-04-08 09:52:49,186 [INFO] PluginManager:220 - loadIPPluginJar : add linkedlist
2025-04-08 09:52:49,190 [INFO] IPUIPlugin:80 - create IPUIPlugin
2025-04-08 09:52:49,191 [INFO] PluginManager:220 - loadIPPluginJar : add lorawan
2025-04-08 09:52:49,192 [INFO] IPUIPlugin:80 - create IPUIPlugin
2025-04-08 09:52:49,192 [INFO] PluginManager:220 - loadIPPluginJar : add ltdc
2025-04-08 09:52:49,198 [INFO] IPUIPlugin:80 - create IPUIPlugin
2025-04-08 09:52:49,198 [INFO] PluginManager:220 - loadIPPluginJar : add mdma
2025-04-08 09:52:49,201 [INFO] IPUIPlugin:80 - create IPUIPlugin
2025-04-08 09:52:49,201 [INFO] PluginManager:220 - loadIPPluginJar : add nvic
2025-04-08 09:52:49,204 [INFO] IPUIPlugin:80 - create IPUIPlugin
2025-04-08 09:52:49,204 [INFO] PluginManager:220 - loadIPPluginJar : add opamp
2025-04-08 09:52:49,207 [INFO] IPUIPlugin:80 - create IPUIPlugin
2025-04-08 09:52:49,208 [INFO] PluginManager:220 - loadIPPluginJar : add openamp
2025-04-08 09:52:49,210 [INFO] IPUIPlugin:80 - create IPUIPlugin
2025-04-08 09:52:49,210 [INFO] PluginManager:220 - loadIPPluginJar : add pdm2pcm
2025-04-08 09:52:49,216 [INFO] IPUIPlugin:80 - create IPUIPlugin
2025-04-08 09:52:49,219 [INFO] PluginManager:220 - loadIPPluginJar : add plateformsettings
2025-04-08 09:52:49,220 [INFO] IPUIPlugin:80 - create IPUIPlugin
2025-04-08 09:52:49,220 [INFO] PluginManager:220 - loadIPPluginJar : add quadspi
2025-04-08 09:52:49,223 [INFO] IPUIPlugin:80 - create IPUIPlugin
2025-04-08 09:52:49,223 [INFO] PluginManager:220 - loadIPPluginJar : add radio
2025-04-08 09:52:49,227 [INFO] IPUIPlugin:80 - create IPUIPlugin
2025-04-08 09:52:49,227 [INFO] PluginManager:220 - loadIPPluginJar : add resmgrutility
2025-04-08 09:52:49,229 [INFO] IPUIPlugin:80 - create IPUIPlugin
2025-04-08 09:52:49,230 [INFO] PluginManager:220 - loadIPPluginJar : add sai
2025-04-08 09:52:49,234 [INFO] IPUIPlugin:80 - create IPUIPlugin
2025-04-08 09:52:49,234 [INFO] PluginManager:220 - loadIPPluginJar : add spi
2025-04-08 09:52:49,239 [INFO] IPUIPlugin:80 - create IPUIPlugin
2025-04-08 09:52:49,239 [INFO] PluginManager:220 - loadIPPluginJar : add stm32_wpan
2025-04-08 09:52:49,241 [INFO] IPUIPlugin:80 - create IPUIPlugin
2025-04-08 09:52:49,242 [INFO] PluginManager:220 - loadIPPluginJar : add tim
2025-04-08 09:52:49,244 [INFO] IPUIPlugin:80 - create IPUIPlugin
2025-04-08 09:52:49,244 [INFO] PluginManager:220 - loadIPPluginJar : add touchsensing
2025-04-08 09:52:49,247 [INFO] IPUIPlugin:80 - create IPUIPlugin
2025-04-08 09:52:49,247 [INFO] PluginManager:220 - loadIPPluginJar : add tracer_emb
2025-04-08 09:52:49,249 [INFO] IPUIPlugin:80 - create IPUIPlugin
2025-04-08 09:52:49,249 [INFO] PluginManager:220 - loadIPPluginJar : add ts
2025-04-08 09:52:49,250 [INFO] IPUIPlugin:80 - create IPUIPlugin
2025-04-08 09:52:49,251 [INFO] PluginManager:220 - loadIPPluginJar : add tsc
2025-04-08 09:52:49,254 [INFO] IPUIPlugin:80 - create IPUIPlugin
2025-04-08 09:52:49,254 [INFO] PluginManager:220 - loadIPPluginJar : add ucpd
2025-04-08 09:52:49,256 [INFO] IPUIPlugin:80 - create IPUIPlugin
2025-04-08 09:52:49,256 [INFO] PluginManager:220 - loadIPPluginJar : add usart
2025-04-08 09:52:49,259 [INFO] IPUIPlugin:80 - create IPUIPlugin
2025-04-08 09:52:49,260 [INFO] PluginManager:220 - loadIPPluginJar : add usbx
2025-04-08 09:52:49,375 [FATAL] Updater:351 - Updater called before beeing initialized
2025-04-08 09:52:49,400 [INFO] RulesReader:64 - Compatibility file has been processed (301 Rules)
2025-04-08 09:52:49,410 [INFO] RulesReader:64 - Compatibility file has been processed (301 Rules)
2025-04-08 09:52:49,421 [INFO] CADModel:165 - CPN selected for project level
2025-04-08 09:52:49,421 [INFO] CADModel:114 - Register for checkConnection events
2025-04-08 09:52:49,421 [FATAL] Updater:351 - Updater called before beeing initialized
2025-04-08 09:52:49,422 [ERROR] CADModel:125 - Updater not yet initialized, retry later 
2025-04-08 09:52:49,570 [FATAL] Updater:351 - Updater called before beeing initialized
2025-04-08 09:52:49,572 [INFO] CADModel:165 - CPN selected for project level
2025-04-08 09:52:49,573 [INFO] CADModel:114 - Register for checkConnection events
2025-04-08 09:52:49,573 [FATAL] Updater:351 - Updater called before beeing initialized
2025-04-08 09:52:49,573 [ERROR] CADModel:125 - Updater not yet initialized, retry later 
2025-04-08 09:52:49,575 [FATAL] Updater:351 - Updater called before beeing initialized
2025-04-08 09:52:49,669 [FATAL] Updater:351 - Updater called before beeing initialized
2025-04-08 09:52:49,674 [INFO] DbMcusAds:53 - JSON generation date=Tue Dec 17 08:01:15 PST 2024 (1734451275143)
2025-04-08 09:52:49,674 [FATAL] Updater:351 - Updater called before beeing initialized
2025-04-08 09:52:49,707 [WARN] DetailPanel:346 - Failed to get advertising image, set to default
2025-04-08 09:52:49,897 [FATAL] Updater:351 - Updater called before beeing initialized
2025-04-08 09:52:49,899 [FATAL] Updater:351 - Updater called before beeing initialized
2025-04-08 09:52:49,899 [FATAL] Updater:351 - Updater called before beeing initialized
2025-04-08 09:52:49,899 [WARN] DetailPanel:346 - Failed to get advertising image, set to default
2025-04-08 09:52:49,900 [FATAL] Updater:351 - Updater called before beeing initialized
2025-04-08 09:52:49,941 [ERROR] Updater:1198 - MainUpdater not yet initialized. External WinMGr cannot be set.
2025-04-08 09:52:49,944 [INFO] Updater:1134 - Updater Version found : 6.14.0
2025-04-08 09:52:49,962 [INFO] ApplicationProperties:184 - Using Application install path: C:\ST\STM32CubeIDE_1.18.0\STM32CubeIDE\plugins\com.st.stm32cube.common.mx_6.14.0.202502271554
2025-04-08 09:52:51,536 [ERROR] LogOutputStream:75 - [STDERR_REDIRECT] Apr 08, 2025 9:52:51 AM java.util.prefs.WindowsPreferences <init>
2025-04-08 09:52:51,537 [ERROR] LogOutputStream:75 - [STDERR_REDIRECT] WARNING: Could not open/create prefs root node Software\JavaSoft\Prefs at root 0xffffffff80000002. Windows RegCreateKeyEx(...) returned error code 5.
2025-04-08 09:52:51,537 [ERROR] LogOutputStream:75 - [STDERR_REDIRECT] 
2025-04-08 09:52:51,639 [INFO] ThirdPartyUpdaterWithRetryManager:70 - Updater plugin not ready yet. [2/15]
2025-04-08 09:52:51,870 [INFO] MainUpdater:2872 - connection check result : 10
2025-04-08 09:52:51,871 [INFO] MainUpdater:289 - Updater Check For Update Now.
2025-04-08 09:52:51,871 [INFO] MicroXplorer:498 - Change Database Version : DB.6.0.140
2025-04-08 09:52:51,882 [INFO] McuFinderGlobals:63 - Set McuFinder mode to 2 (CubeIDE integrated)
2025-04-08 09:52:51,883 [INFO] UserAuth:486 - Internet connection configuration mode: 1
2025-04-08 09:52:51,919 [INFO] JxBrowserEngine:152 - Initiate JxBrowser Engine with user profile folder
2025-04-08 09:52:52,038 [INFO] CheckServerUpdateThread:120 - End of CheckServer Thread
2025-04-08 09:52:53,166 [INFO] WebApp:169 - Instantiating new browser for Auth
2025-04-08 09:52:53,936 [INFO] WebApp:463 - Apply proxy settings
2025-04-08 09:52:53,937 [INFO] WebApp:548 - Chromium requires no authentication
2025-04-08 09:52:53,948 [INFO] WebApp:491 - Direct internet connection detected
2025-04-08 09:52:53,977 [INFO] WebApp:894 - Register for checkConnection events
2025-04-08 09:52:53,977 [INFO] WebApp:463 - Apply proxy settings
2025-04-08 09:52:53,977 [INFO] WebApp:548 - Chromium requires no authentication
2025-04-08 09:52:53,978 [INFO] WebApp:491 - Direct internet connection detected
2025-04-08 09:52:54,110 [INFO] WebApp:191 - Connection restablished
2025-04-08 09:52:54,187 [INFO] WebApp:225 - Starting web application
2025-04-08 09:52:54,187 [INFO] WebApp:593 - Web application path used C:\ST\STM32CubeIDE_1.18.0\STM32CubeIDE\plugins\com.st.stm32cube.common.mx_6.14.0.202502271554\db\plugins\mcufinder\reactClient1\index.html
2025-04-08 09:52:54,330 [INFO] UserAuth:486 - Internet connection configuration mode: 1
2025-04-08 09:52:54,852 [WARN] PackLoader:240 - Cannot read IP mode file for STMicroelectronics.FP-SNS-MOTENVWB1.1.4.0
2025-04-08 09:52:54,860 [WARN] PackLoader:240 - Cannot read IP mode file for STMicroelectronics.FP-ATR-ASTRA1.2.0.2
2025-04-08 09:52:54,868 [WARN] PackLoader:240 - Cannot read IP mode file for STMicroelectronics.X-CUBE-SMBUS.2.1.0
2025-04-08 09:52:54,876 [WARN] PackLoader:240 - Cannot read IP mode file for STMicroelectronics.X-CUBE-WB05N.1.1.0
2025-04-08 09:52:54,899 [WARN] PackLoader:240 - Cannot read IP mode file for STMicroelectronics.X-CUBE-AZRTOS-F7.1.1.0
2025-04-08 09:52:54,907 [WARN] PackLoader:240 - Cannot read IP mode file for STMicroelectronics.FP-SNS-FLIGHT1.5.0.2
2025-04-08 09:52:54,928 [WARN] PackLoader:240 - Cannot read IP mode file for Infineon.AIROC-Wi-Fi-Bluetooth-STM32.1.7.0
2025-04-08 09:52:54,940 [WARN] PackLoader:240 - Cannot read IP mode file for STMicroelectronics.X-CUBE-DISPLAY.3.0.0
2025-04-08 09:52:54,950 [WARN] PackLoader:240 - Cannot read IP mode file for STMicroelectronics.X-CUBE-NFC10.1.0.0
2025-04-08 09:52:54,961 [WARN] PackLoader:240 - Cannot read IP mode file for STMicroelectronics.X-CUBE-BLEMGR.4.0.0
2025-04-08 09:52:54,968 [WARN] PackLoader:240 - Cannot read IP mode file for emotas.I-CUBE-CANOPEN.1.3.0
2025-04-08 09:52:54,973 [WARN] PackLoader:240 - Cannot read IP mode file for STMicroelectronics.X-CUBE-AI.10.0.0
2025-04-08 09:52:54,979 [WARN] PackLoader:240 - Cannot read IP mode file for STMicroelectronics.FP-SNS-SMARTAG2.1.2.0
2025-04-08 09:52:54,982 [WARN] PackLoader:240 - Cannot read IP mode file for STMicroelectronics.FP-SNS-FLIGHT1.5.1.0
2025-04-08 09:52:55,023 [WARN] PackLoader:240 - Cannot read IP mode file for STMicroelectronics.X-CUBE-MEMS1.11.1.0
2025-04-08 09:52:55,182 [INFO] LogOutputStream:77 - [STDOUT_REDIRECT] 1 : Invalid condition id : UX_CORESTACK_Condition cause : null
2025-04-08 09:52:55,182 [INFO] LogOutputStream:77 - [STDOUT_REDIRECT] 1 : Invalid condition id : UX_CORESTACK_Condition cause : null
2025-04-08 09:52:55,183 [INFO] LogOutputStream:77 - [STDOUT_REDIRECT] 1 : Invalid condition id : UX_CORESTACK_Condition cause : null
2025-04-08 09:52:55,184 [INFO] LogOutputStream:77 - [STDOUT_REDIRECT] 1 : Invalid condition id : UX_CORESTACK_Condition cause : null
2025-04-08 09:52:55,185 [INFO] LogOutputStream:77 - [STDOUT_REDIRECT] 1 : Invalid condition id : UX_CORESTACK_Condition cause : null
2025-04-08 09:52:55,191 [WARN] PackLoader:240 - Cannot read IP mode file for STMicroelectronics.X-CUBE-AZRTOS-WL.2.0.0
2025-04-08 09:52:55,196 [WARN] PackLoader:240 - Cannot read IP mode file for STMicroelectronics.FP-SNS-MOTENV1.5.0.0
2025-04-08 09:52:55,204 [WARN] PackLoader:240 - Cannot read IP mode file for WES.I-CUBE-Cesium.1.3.0
2025-04-08 09:52:55,209 [WARN] PackLoader:240 - Cannot read IP mode file for STMicroelectronics.X-CUBE-BLE2.3.3.0
2025-04-08 09:52:55,215 [WARN] PackLoader:240 - Cannot read IP mode file for STMicroelectronics.X-CUBE-NFC9.1.0.0
2025-04-08 09:52:55,220 [WARN] PackLoader:240 - Cannot read IP mode file for STMicroelectronics.X-CUBE-BLE1.7.1.0
2025-04-08 09:52:55,224 [WARN] PackLoader:240 - Cannot read IP mode file for wolfSSL.I-CUBE-wolfMQTT.1.19.2
2025-04-08 09:52:55,235 [WARN] PackLoader:240 - Cannot read IP mode file for STMicroelectronics.X-CUBE-AZRTOS-G0.1.1.0
2025-04-08 09:52:55,242 [WARN] PackLoader:240 - Cannot read IP mode file for STMicroelectronics.X-CUBE-SAFEA1.1.2.2
2025-04-08 09:52:55,249 [WARN] PackLoader:240 - Cannot read IP mode file for STMicroelectronics.X-CUBE-NFC4.3.0.0
2025-04-08 09:52:55,257 [WARN] PackLoader:240 - Cannot read IP mode file for EmbeddedOffice.I-CUBE-FS-RTOS.1.0.1
2025-04-08 09:52:55,263 [WARN] PackLoader:240 - Cannot read IP mode file for wolfSSL.I-CUBE-wolfTPM.3.8.0
2025-04-08 09:52:55,269 [WARN] PackLoader:240 - Cannot read IP mode file for STMicroelectronics.X-CUBE-TCPP.4.2.0
2025-04-08 09:52:55,276 [WARN] PackLoader:240 - Cannot read IP mode file for RealThread.X-CUBE-RT-Thread_Nano.4.1.1
2025-04-08 09:52:55,281 [WARN] PackLoader:240 - Cannot read IP mode file for STMicroelectronics.FP-ATR-SIGFOX1.3.2.0
2025-04-08 09:52:55,287 [WARN] ConditionMgr:438 - getConditionDescription Invalid condition id : Cortex-A Device cause : null
2025-04-08 09:52:55,300 [WARN] ConditionMgr:1044 - genDependencies : Invalid condition id : Cortex-A Device cause : null
2025-04-08 09:52:55,301 [WARN] ConditionMgr:1044 - genDependencies : Invalid condition id : Cortex-A Device cause : null
2025-04-08 09:52:55,301 [WARN] ConditionMgr:1044 - genDependencies : Invalid condition id : Cortex-A Device cause : null
2025-04-08 09:52:55,305 [WARN] PackLoader:240 - Cannot read IP mode file for STMicroelectronics.X-CUBE-EEPRMA1.5.1.0
2025-04-08 09:52:55,311 [WARN] PackLoader:240 - Cannot read IP mode file for wolfSSL.I-CUBE-wolfSSL.5.7.6
2025-04-08 09:52:55,316 [WARN] PackLoader:240 - Cannot read IP mode file for ITTIA_DB.I-CUBE-ITTIADB.8.9.0
2025-04-08 09:52:55,332 [WARN] PackLoader:240 - Cannot read IP mode file for SEGGER.I-CUBE-embOS.1.3.1
2025-04-08 09:52:55,359 [WARN] PackLoader:240 - Cannot read IP mode file for STMicroelectronics.X-CUBE-ALGOBUILD.1.4.0
2025-04-08 09:52:55,372 [WARN] PackLoader:240 - Cannot read IP mode file for STMicroelectronics.X-CUBE-AZRTOS-F4.1.1.0
2025-04-08 09:52:55,378 [WARN] PackLoader:240 - Cannot read IP mode file for STMicroelectronics.X-CUBE-ISPU.2.1.0
2025-04-08 09:52:55,388 [WARN] PackLoader:240 - Cannot read IP mode file for STMicroelectronics.X-CUBE-AZRTOS-L5.2.0.0
2025-04-08 09:52:55,396 [WARN] PackLoader:240 - Cannot read IP mode file for STMicroelectronics.X-CUBE-NFC6.3.1.0
2025-04-08 09:52:55,402 [WARN] PackLoader:240 - Cannot read IP mode file for STMicroelectronics.X-CUBE-DPower.1.2.0
2025-04-08 09:52:55,407 [WARN] PackLoader:240 - Cannot read IP mode file for STMicroelectronics.X-CUBE-FREERTOS.1.3.0
2025-04-08 09:52:55,412 [WARN] PackLoader:240 - Cannot read IP mode file for STMicroelectronics.X-CUBE-NFC7.1.0.1
2025-04-08 09:52:55,417 [WARN] PackLoader:240 - Cannot read IP mode file for STMicroelectronics.X-CUBE-DPower.1.3.0
2025-04-08 09:52:55,428 [WARN] ConditionMgr:438 - getConditionDescription Invalid condition id : LAN8742 Phy interface Condition cause : null
2025-04-08 09:52:55,428 [WARN] PackLoader:240 - Cannot read IP mode file for STMicroelectronics.X-CUBE-AZRTOS-L4.2.0.0
2025-04-08 09:52:55,429 [WARN] ConditionMgr:1044 - genDependencies : Invalid condition id : LAN8742 Phy interface Condition cause : null
2025-04-08 09:52:55,429 [WARN] ConditionMgr:1044 - genDependencies : Invalid condition id : LAN8742 Phy interface Condition cause : null
2025-04-08 09:52:55,430 [WARN] ConditionMgr:1044 - genDependencies : Invalid condition id : LAN8742 Phy interface Condition cause : null
2025-04-08 09:52:55,436 [WARN] PackLoader:240 - Cannot read IP mode file for STMicroelectronics.X-CUBE-SFXS2LP1.4.0.0
2025-04-08 09:52:55,455 [WARN] PackLoader:240 - Cannot read IP mode file for STMicroelectronics.X-CUBE-AZRTOS-H7.3.3.0
2025-04-08 09:52:55,465 [WARN] ConditionMgr:438 - getConditionDescription Invalid condition id : UX DEVICE CLASS RTOS Condition cause : null
2025-04-08 09:52:55,465 [WARN] ConditionMgr:438 - getConditionDescription Invalid condition id : UX DEVICE CLASS RTOS Condition cause : null
2025-04-08 09:52:55,466 [WARN] PackLoader:240 - Cannot read IP mode file for STMicroelectronics.X-CUBE-AZRTOS-WB.2.0.0
2025-04-08 09:52:55,467 [WARN] ConditionMgr:1044 - genDependencies : Invalid condition id : UX DEVICE CLASS RTOS Condition cause : null
2025-04-08 09:52:55,467 [WARN] ConditionMgr:1044 - genDependencies : Invalid condition id : UX DEVICE CLASS RTOS Condition cause : null
2025-04-08 09:52:55,467 [WARN] ConditionMgr:1044 - genDependencies : Invalid condition id : UX DEVICE CLASS RTOS Condition cause : null
2025-04-08 09:52:55,467 [WARN] ConditionMgr:1044 - genDependencies : Invalid condition id : UX DEVICE CLASS RTOS Condition cause : null
2025-04-08 09:52:55,467 [WARN] ConditionMgr:1044 - genDependencies : Invalid condition id : UX DEVICE CLASS RTOS Condition cause : null
2025-04-08 09:52:55,472 [WARN] PackLoader:240 - Cannot read IP mode file for STMicroelectronics.X-CUBE-GNSS1.7.0.1
2025-04-08 09:52:55,478 [WARN] PackLoader:240 - Cannot read IP mode file for STMicroelectronics.X-CUBE-TOUCHGFX.4.25.0
2025-04-08 09:52:55,484 [WARN] PackLoader:240 - Cannot read IP mode file for STMicroelectronics.FP-SNS-STBOX1.2.0.0
2025-04-08 09:52:55,492 [WARN] PackLoader:240 - Cannot read IP mode file for STMicroelectronics.X-CUBE-SUBG2.5.0.0
2025-04-08 09:52:55,505 [WARN] PackLoader:240 - Cannot read IP mode file for STMicroelectronics.X-CUBE-AZRTOS-H7RS.1.1.0
2025-04-08 09:52:55,513 [WARN] PackLoader:240 - Cannot read IP mode file for Cesanta.I-CUBE-Mongoose.7.13.0
2025-04-08 09:52:55,522 [WARN] PackLoader:240 - Cannot read IP mode file for STMicroelectronics.X-CUBE-AZRTOS-G4.2.0.0
2025-04-08 09:52:55,528 [WARN] PackLoader:240 - Cannot read IP mode file for wolfSSL.I-CUBE-wolfSSH.1.4.20
2025-04-08 09:52:55,537 [WARN] PackLoader:240 - Cannot read IP mode file for STMicroelectronics.X-CUBE-IPS.3.1.0
2025-04-08 09:52:55,546 [WARN] PackLoader:240 - Cannot read IP mode file for STMicroelectronics.X-CUBE-ALS.1.0.2
2025-04-08 09:52:55,549 [WARN] PackLoader:240 - Cannot read IP mode file for STMicroelectronics.X-CUBE-TOUCHGFX.4.24.2
2025-04-08 09:52:55,554 [WARN] PackLoader:240 - Cannot read IP mode file for portGmbH.I-Cube-SoM-uGOAL.1.1.0
2025-04-08 09:52:55,564 [WARN] PackLoader:240 - Cannot read IP mode file for STMicroelectronics.X-CUBE-AZRTOS-H7RS.1.0.0
2025-04-08 09:52:55,574 [WARN] PackLoader:240 - Cannot read IP mode file for STMicroelectronics.X-CUBE-TOF1.3.4.2
2025-04-08 09:52:55,580 [INFO] ThirdParty:978 - Integrity check success = true
2025-04-08 09:52:55,581 [INFO] IntegrityCheckThread:100 - exiting critical section [integrity check]
2025-04-08 09:52:55,581 [INFO] IntegrityCheckThread:103 - End integrity checks thread
2025-04-08 10:56:39,582 [ERROR] LogOutputStream:75 - [STDERR_REDIRECT] 
