2025-04-05 15:07:06,146 [INFO] Activator:176 - 


2025-04-05 15:07:06,151 [INFO] Activator:177 - !SESSION log4j initialized
2025-04-05 15:07:10,640 [INFO] LogOutputStream:77 - [STDOUT_REDIRECT] 
2025-04-05 15:07:11,499 [INFO] ApplicationProperties:184 - Using Application install path: C:\ST\STM32CubeIDE_1.18.0\STM32CubeIDE\plugins\com.st.stm32cube.common.mx_6.14.0.202502271554
2025-04-05 15:07:11,528 [INFO] DbMcusXml:78 - Set database path to: C:\ST\STM32CubeIDE_1.18.0\STM32CubeIDE\plugins\com.st.stm32cube.common.mx_6.14.0.202502271554\\db\/mcu/
2025-04-05 15:07:11,528 [INFO] ApiDb:274 - Set plugin database path to: C:\ST\STM32CubeIDE_1.18.0\STM32CubeIDE\plugins\com.st.stm32cube.common.mx_6.14.0.202502271554\\db\/plugins/boardmanager/
2025-04-05 15:07:11,531 [WARN] ApiDb:259 - Overriding images path with different value:  => C:\ST\STM32CubeIDE_1.18.0\STM32CubeIDE\plugins\com.st.stm32cube.common.mx_6.14.0.202502271554\\db\/plugins/mcufinder/images/
2025-04-05 15:07:11,541 [INFO] ApiDb:250 - Set database path to: C:\Users\School\.stmcufinder\plugins\mcufinder//mcu/
2025-04-05 15:07:11,542 [INFO] DbMcusAds:125 - Set database path to: C:\Users\School\.stmcufinder\plugins\mcufinder//mcu/
2025-04-05 15:07:11,544 [INFO] CrossReferenceDbSqlite:203 - Set database path to: C:\Users\School\.stmcufinder\plugins\mcufinder//mcu/cs/
2025-04-05 15:07:11,626 [INFO] RulesReader:64 - Compatibility file has been processed (301 Rules)
2025-04-05 15:07:11,707 [INFO] DbMcusXml:78 - Set database path to: C:\ST\STM32CubeIDE_1.18.0\STM32CubeIDE\plugins\com.st.stm32cube.common.mx_6.14.0.202502271554\\db\/mcu/
2025-04-05 15:07:11,714 [INFO] ApiDb:274 - Set plugin database path to: C:\ST\STM32CubeIDE_1.18.0\STM32CubeIDE\plugins\com.st.stm32cube.common.mx_6.14.0.202502271554\\db\/plugins/boardmanager/
2025-04-05 15:07:11,714 [INFO] ApiDb:261 - Set plugin images path to: C:\ST\STM32CubeIDE_1.18.0\STM32CubeIDE\plugins\com.st.stm32cube.common.mx_6.14.0.202502271554\\db\/plugins/mcufinder/images/
2025-04-05 15:07:11,714 [WARN] DbFile:41 - Overriding database path with different value: C:\Users\School\.stmcufinder\plugins\mcufinder/ => C:\Users\School\.stmcufinder\plugins\mcufinder
2025-04-05 15:07:11,714 [INFO] ApiDb:250 - Set database path to: C:\Users\School\.stmcufinder\plugins\mcufinder//mcu/
2025-04-05 15:07:11,714 [WARN] DbFile:41 - Overriding database path with different value: C:\Users\School\.stmcufinder\plugins\mcufinder/ => C:\Users\School\.stmcufinder\plugins\mcufinder
2025-04-05 15:07:11,714 [INFO] DbMcusAds:125 - Set database path to: C:\Users\School\.stmcufinder\plugins\mcufinder//mcu/
2025-04-05 15:07:11,714 [WARN] DbFile:41 - Overriding database path with different value: C:\Users\School\.stmcufinder\plugins\mcufinder/ => C:\Users\School\.stmcufinder\plugins\mcufinder
2025-04-05 15:07:11,714 [WARN] DbFile:41 - Overriding database path with different value: C:\Users\School\.stmcufinder\plugins\mcufinder/ => C:\Users\School\.stmcufinder\plugins\mcufinder
2025-04-05 15:07:11,714 [INFO] CrossReferenceDbSqlite:203 - Set database path to: C:\Users\School\.stmcufinder\plugins\mcufinder//mcu/cs/
2025-04-05 15:07:11,783 [INFO] MainPanel:272 - HeapMemory: 268435456
2025-04-05 15:07:11,878 [INFO] DbMcusXml:78 - Set database path to: C:\ST\STM32CubeIDE_1.18.0\STM32CubeIDE\plugins\com.st.stm32cube.common.mx_6.14.0.202502271554\\db\/mcu/
2025-04-05 15:07:11,878 [INFO] ApiDb:274 - Set plugin database path to: C:\ST\STM32CubeIDE_1.18.0\STM32CubeIDE\plugins\com.st.stm32cube.common.mx_6.14.0.202502271554\\db\/plugins/boardmanager/
2025-04-05 15:07:11,878 [INFO] ApiDb:261 - Set plugin images path to: C:\ST\STM32CubeIDE_1.18.0\STM32CubeIDE\plugins\com.st.stm32cube.common.mx_6.14.0.202502271554\\db\/plugins/mcufinder/images/
2025-04-05 15:07:11,878 [WARN] DbFile:41 - Overriding database path with different value: C:\Users\School\.stmcufinder\plugins\mcufinder/ => C:\Users\School\.stmcufinder\plugins\mcufinder
2025-04-05 15:07:11,878 [INFO] ApiDb:250 - Set database path to: C:\Users\School\.stmcufinder\plugins\mcufinder//mcu/
2025-04-05 15:07:11,878 [WARN] DbFile:41 - Overriding database path with different value: C:\Users\School\.stmcufinder\plugins\mcufinder/ => C:\Users\School\.stmcufinder\plugins\mcufinder
2025-04-05 15:07:11,878 [INFO] DbMcusAds:125 - Set database path to: C:\Users\School\.stmcufinder\plugins\mcufinder//mcu/
2025-04-05 15:07:11,878 [WARN] DbFile:41 - Overriding database path with different value: C:\Users\School\.stmcufinder\plugins\mcufinder/ => C:\Users\School\.stmcufinder\plugins\mcufinder
2025-04-05 15:07:11,878 [WARN] DbFile:41 - Overriding database path with different value: C:\Users\School\.stmcufinder\plugins\mcufinder/ => C:\Users\School\.stmcufinder\plugins\mcufinder
2025-04-05 15:07:11,878 [INFO] CrossReferenceDbSqlite:203 - Set database path to: C:\Users\School\.stmcufinder\plugins\mcufinder//mcu/cs/
2025-04-05 15:07:11,894 [INFO] ApplicationProperties:184 - Using Application install path: C:\ST\STM32CubeIDE_1.18.0\STM32CubeIDE\plugins\com.st.stm32cube.common.mx_6.14.0.202502271554
2025-04-05 15:07:11,894 [INFO] PluginManage:196 - Search for loadable plugins [exclusion list=, ]
2025-04-05 15:07:11,894 [INFO] PluginManage:310 - Check plugin analytics
2025-04-05 15:07:12,019 [INFO] AnalyticsPlugin:253 - Accepted Software Licenses: 
2025-04-05 15:07:12,019 [INFO] AnalyticsPlugin:255 - Accepted CMSIS Pack Licenses: 
2025-04-05 15:07:12,019 [INFO] AnalyticsPlugin:257 - Accepted Firmware Licenses: FW.WB.1.22.0
2025-04-05 15:07:12,035 [INFO] PluginManage:359 - Loaded plugin analytics (category:tool,tabindex:-1)
2025-04-05 15:07:12,035 [INFO] PluginManage:310 - Check plugin cadmodel
2025-04-05 15:07:12,035 [INFO] CADModel:105 - Init CAD model plugin
2025-04-05 15:07:12,035 [INFO] PluginManage:359 - Loaded plugin cadmodel (category:power,tabindex:5)
2025-04-05 15:07:12,035 [INFO] PluginManage:310 - Check plugin clock
2025-04-05 15:07:12,035 [INFO] PluginManage:359 - Loaded plugin clock (category:base,tabindex:2)
2025-04-05 15:07:12,035 [INFO] PluginManage:310 - Check plugin ddr
2025-04-05 15:07:12,051 [INFO] PluginManage:359 - Loaded plugin ddr (category:tool,tabindex:6)
2025-04-05 15:07:12,051 [INFO] PluginManage:310 - Check plugin filemanager
2025-04-05 15:07:12,174 [INFO] PluginManage:359 - Loaded plugin filemanager (category:base,tabindex:10)
2025-04-05 15:07:12,174 [INFO] PluginManage:310 - Check plugin ipmanager
2025-04-05 15:07:12,181 [INFO] PluginManage:359 - Loaded plugin ipmanager (category:base,tabindex:5)
2025-04-05 15:07:12,181 [INFO] PluginManage:310 - Check plugin lpbam
2025-04-05 15:07:12,187 [INFO] PluginManage:359 - Loaded plugin lpbam (category:base,tabindex:0)
2025-04-05 15:07:12,187 [INFO] PluginManage:310 - Check plugin memorymap
2025-04-05 15:07:12,194 [INFO] PluginManage:359 - Loaded plugin memorymap (category:base,tabindex:4)
2025-04-05 15:07:12,194 [INFO] PluginManage:310 - Check plugin pinoutandconfiguration
2025-04-05 15:07:12,194 [INFO] PluginManage:359 - Loaded plugin pinoutandconfiguration (category:base,tabindex:1)
2025-04-05 15:07:12,194 [INFO] PluginManage:310 - Check plugin pinoutconfig
2025-04-05 15:07:12,289 [WARN] SupportedApi:132 - Cannot load RTOS API schema: s4s-elt-must-match.1: The content of 'definitions' must match (annotation?, (simpleType | complexType)?, (unique | key | keyref)*)). A problem was found starting at: attribute.
2025-04-05 15:07:12,416 [INFO] PluginManage:359 - Loaded plugin pinoutconfig (category:base,tabindex:0)
2025-04-05 15:07:12,416 [INFO] PluginManage:310 - Check plugin power
2025-04-05 15:07:12,416 [INFO] PluginManage:359 - Loaded plugin power (category:power,tabindex:4)
2025-04-05 15:07:12,416 [INFO] PluginManage:310 - Check plugin projectmanager
2025-04-05 15:07:12,433 [INFO] PluginManage:359 - Loaded plugin projectmanager (category:projectmanager,tabindex:4)
2025-04-05 15:07:12,433 [INFO] PluginManage:310 - Check plugin rif
2025-04-05 15:07:12,447 [INFO] PluginManage:359 - Loaded plugin rif (category:base,tabindex:3)
2025-04-05 15:07:12,447 [INFO] PluginManage:310 - Check plugin thirdparty
2025-04-05 15:07:12,604 [INFO] PluginManage:359 - Loaded plugin thirdparty (category:base,tabindex:-1)
2025-04-05 15:07:12,604 [WARN] IntegrityCheckThread:84 - waiting for thirdparty lock release [integrity check]
2025-04-05 15:07:12,604 [INFO] PluginManage:310 - Check plugin tools
2025-04-05 15:07:12,604 [INFO] IntegrityCheckThread:86 - entering critical section [integrity check]
2025-04-05 15:07:12,604 [INFO] ThirdPartyUpdaterWithRetryManager:70 - Updater plugin not ready yet. [1/15]
2025-04-05 15:07:12,620 [INFO] PluginManage:359 - Loaded plugin tools (category:base,tabindex:7)
2025-04-05 15:07:12,620 [INFO] PluginManage:310 - Check plugin tutovideos
2025-04-05 15:07:12,762 [INFO] PluginManage:359 - Loaded plugin tutovideos (category:base,tabindex:-1)
2025-04-05 15:07:12,762 [INFO] PluginManage:310 - Check plugin updater
2025-04-05 15:07:12,778 [INFO] PluginManage:359 - Loaded plugin updater (category:base,tabindex:12)
2025-04-05 15:07:12,778 [INFO] PluginManage:310 - Check plugin userauth
2025-04-05 15:07:12,793 [INFO] UserAuth:118 - Init User Auth plugin
2025-04-05 15:07:12,793 [INFO] PluginManage:359 - Loaded plugin userauth (category:base,tabindex:14)
2025-04-05 15:07:12,793 [INFO] PluginManage:283 - PluginManage : Loaded plugins [18]
2025-04-05 15:07:12,952 [INFO] PinOutPanel:1589 - setPackage(No Configuration,No Configuration)
2025-04-05 15:07:13,015 [INFO] CADModel:165 - CPN selected for project level
2025-04-05 15:07:13,015 [INFO] CADModel:114 - Register for checkConnection events
2025-04-05 15:07:13,031 [INFO] IPUIPlugin:80 - create IPUIPlugin
2025-04-05 15:07:13,031 [INFO] PluginManager:220 - loadIPPluginJar : add adc
2025-04-05 15:07:13,031 [INFO] IPUIPlugin:80 - create IPUIPlugin
2025-04-05 15:07:13,031 [INFO] PluginManager:220 - loadIPPluginJar : add aes
2025-04-05 15:07:13,047 [INFO] IPUIPlugin:80 - create IPUIPlugin
2025-04-05 15:07:13,047 [INFO] PluginManager:220 - loadIPPluginJar : add can
2025-04-05 15:07:13,047 [INFO] IPUIPlugin:80 - create IPUIPlugin
2025-04-05 15:07:13,047 [INFO] PluginManager:220 - loadIPPluginJar : add comp
2025-04-05 15:07:13,047 [INFO] IPUIPlugin:80 - create IPUIPlugin
2025-04-05 15:07:13,047 [INFO] PluginManager:220 - loadIPPluginJar : add cryp
2025-04-05 15:07:13,047 [INFO] IPUIPlugin:80 - create IPUIPlugin
2025-04-05 15:07:13,047 [INFO] PluginManager:220 - loadIPPluginJar : add ddr_ctrl_phy
2025-04-05 15:07:13,047 [INFO] IPUIPlugin:80 - create IPUIPlugin
2025-04-05 15:07:13,047 [INFO] PluginManager:220 - loadIPPluginJar : add dfsdm
2025-04-05 15:07:13,047 [INFO] IPUIPlugin:80 - create IPUIPlugin
2025-04-05 15:07:13,063 [INFO] PluginManager:220 - loadIPPluginJar : add dma
2025-04-05 15:07:13,063 [INFO] IPUIPlugin:80 - create IPUIPlugin
2025-04-05 15:07:13,063 [INFO] PluginManager:220 - loadIPPluginJar : add dma3
2025-04-05 15:07:13,063 [INFO] IPUIPlugin:80 - create IPUIPlugin
2025-04-05 15:07:13,063 [INFO] PluginManager:220 - loadIPPluginJar : add extmemmanager
2025-04-05 15:07:13,063 [INFO] IPUIPlugin:80 - create IPUIPlugin
2025-04-05 15:07:13,063 [INFO] PluginManager:220 - loadIPPluginJar : add fatfs
2025-04-05 15:07:13,063 [INFO] IPUIPlugin:80 - create IPUIPlugin
2025-04-05 15:07:13,063 [INFO] PluginManager:220 - loadIPPluginJar : add fmc
2025-04-05 15:07:13,063 [INFO] IPUIPlugin:80 - create IPUIPlugin
2025-04-05 15:07:13,063 [INFO] PluginManager:220 - loadIPPluginJar : add freertos
2025-04-05 15:07:13,079 [INFO] IPUIPlugin:80 - create IPUIPlugin
2025-04-05 15:07:13,079 [INFO] PluginManager:220 - loadIPPluginJar : add genericplugin
2025-04-05 15:07:13,079 [INFO] IPUIPlugin:80 - create IPUIPlugin
2025-04-05 15:07:13,079 [INFO] PluginManager:220 - loadIPPluginJar : add gfxmmu
2025-04-05 15:07:13,079 [INFO] IPUIPlugin:80 - create IPUIPlugin
2025-04-05 15:07:13,079 [INFO] PluginManager:220 - loadIPPluginJar : add gic
2025-04-05 15:07:13,079 [INFO] IPUIPlugin:80 - create IPUIPlugin
2025-04-05 15:07:13,079 [INFO] PluginManager:220 - loadIPPluginJar : add gpio
2025-04-05 15:07:13,079 [INFO] IPUIPlugin:80 - create IPUIPlugin
2025-04-05 15:07:13,079 [INFO] PluginManager:220 - loadIPPluginJar : add gtzc
2025-04-05 15:07:13,079 [INFO] IPUIPlugin:80 - create IPUIPlugin
2025-04-05 15:07:13,079 [INFO] PluginManager:220 - loadIPPluginJar : add hash
2025-04-05 15:07:13,094 [INFO] IPUIPlugin:80 - create IPUIPlugin
2025-04-05 15:07:13,094 [INFO] PluginManager:220 - loadIPPluginJar : add i2c
2025-04-05 15:07:13,094 [INFO] IPUIPlugin:80 - create IPUIPlugin
2025-04-05 15:07:13,094 [INFO] PluginManager:220 - loadIPPluginJar : add i2s
2025-04-05 15:07:13,094 [INFO] IPUIPlugin:80 - create IPUIPlugin
2025-04-05 15:07:13,094 [INFO] PluginManager:220 - loadIPPluginJar : add i3c
2025-04-05 15:07:13,094 [INFO] IPUIPlugin:80 - create IPUIPlugin
2025-04-05 15:07:13,094 [INFO] PluginManager:220 - loadIPPluginJar : add ipddr
2025-04-05 15:07:13,110 [INFO] IPUIPlugin:80 - create IPUIPlugin
2025-04-05 15:07:13,110 [INFO] PluginManager:220 - loadIPPluginJar : add linkedlist
2025-04-05 15:07:13,110 [INFO] IPUIPlugin:80 - create IPUIPlugin
2025-04-05 15:07:13,110 [INFO] PluginManager:220 - loadIPPluginJar : add lorawan
2025-04-05 15:07:13,110 [INFO] IPUIPlugin:80 - create IPUIPlugin
2025-04-05 15:07:13,110 [INFO] PluginManager:220 - loadIPPluginJar : add ltdc
2025-04-05 15:07:13,110 [INFO] IPUIPlugin:80 - create IPUIPlugin
2025-04-05 15:07:13,110 [INFO] PluginManager:220 - loadIPPluginJar : add mdma
2025-04-05 15:07:13,110 [INFO] IPUIPlugin:80 - create IPUIPlugin
2025-04-05 15:07:13,110 [INFO] PluginManager:220 - loadIPPluginJar : add nvic
2025-04-05 15:07:13,126 [INFO] IPUIPlugin:80 - create IPUIPlugin
2025-04-05 15:07:13,126 [INFO] PluginManager:220 - loadIPPluginJar : add opamp
2025-04-05 15:07:13,126 [INFO] IPUIPlugin:80 - create IPUIPlugin
2025-04-05 15:07:13,126 [INFO] PluginManager:220 - loadIPPluginJar : add openamp
2025-04-05 15:07:13,126 [INFO] IPUIPlugin:80 - create IPUIPlugin
2025-04-05 15:07:13,126 [INFO] PluginManager:220 - loadIPPluginJar : add pdm2pcm
2025-04-05 15:07:13,126 [INFO] IPUIPlugin:80 - create IPUIPlugin
2025-04-05 15:07:13,126 [INFO] PluginManager:220 - loadIPPluginJar : add plateformsettings
2025-04-05 15:07:13,126 [INFO] IPUIPlugin:80 - create IPUIPlugin
2025-04-05 15:07:13,126 [INFO] PluginManager:220 - loadIPPluginJar : add quadspi
2025-04-05 15:07:13,126 [INFO] IPUIPlugin:80 - create IPUIPlugin
2025-04-05 15:07:13,142 [INFO] PluginManager:220 - loadIPPluginJar : add radio
2025-04-05 15:07:13,142 [INFO] IPUIPlugin:80 - create IPUIPlugin
2025-04-05 15:07:13,142 [INFO] PluginManager:220 - loadIPPluginJar : add resmgrutility
2025-04-05 15:07:13,142 [INFO] IPUIPlugin:80 - create IPUIPlugin
2025-04-05 15:07:13,142 [INFO] PluginManager:220 - loadIPPluginJar : add sai
2025-04-05 15:07:13,142 [INFO] IPUIPlugin:80 - create IPUIPlugin
2025-04-05 15:07:13,142 [INFO] PluginManager:220 - loadIPPluginJar : add spi
2025-04-05 15:07:13,142 [INFO] IPUIPlugin:80 - create IPUIPlugin
2025-04-05 15:07:13,142 [INFO] PluginManager:220 - loadIPPluginJar : add stm32_wpan
2025-04-05 15:07:13,142 [INFO] IPUIPlugin:80 - create IPUIPlugin
2025-04-05 15:07:13,142 [INFO] PluginManager:220 - loadIPPluginJar : add tim
2025-04-05 15:07:13,157 [INFO] IPUIPlugin:80 - create IPUIPlugin
2025-04-05 15:07:13,157 [INFO] PluginManager:220 - loadIPPluginJar : add touchsensing
2025-04-05 15:07:13,157 [INFO] IPUIPlugin:80 - create IPUIPlugin
2025-04-05 15:07:13,157 [INFO] PluginManager:220 - loadIPPluginJar : add tracer_emb
2025-04-05 15:07:13,157 [INFO] IPUIPlugin:80 - create IPUIPlugin
2025-04-05 15:07:13,157 [INFO] PluginManager:220 - loadIPPluginJar : add ts
2025-04-05 15:07:13,157 [INFO] IPUIPlugin:80 - create IPUIPlugin
2025-04-05 15:07:13,157 [INFO] PluginManager:220 - loadIPPluginJar : add tsc
2025-04-05 15:07:13,157 [INFO] IPUIPlugin:80 - create IPUIPlugin
2025-04-05 15:07:13,157 [INFO] PluginManager:220 - loadIPPluginJar : add ucpd
2025-04-05 15:07:13,157 [INFO] IPUIPlugin:80 - create IPUIPlugin
2025-04-05 15:07:13,157 [INFO] PluginManager:220 - loadIPPluginJar : add usart
2025-04-05 15:07:13,157 [INFO] IPUIPlugin:80 - create IPUIPlugin
2025-04-05 15:07:13,157 [INFO] PluginManager:220 - loadIPPluginJar : add usbx
2025-04-05 15:07:13,285 [FATAL] Updater:351 - Updater called before beeing initialized
2025-04-05 15:07:13,300 [INFO] RulesReader:64 - Compatibility file has been processed (301 Rules)
2025-04-05 15:07:13,300 [INFO] RulesReader:64 - Compatibility file has been processed (301 Rules)
2025-04-05 15:07:13,316 [INFO] CADModel:165 - CPN selected for project level
2025-04-05 15:07:13,316 [INFO] CADModel:114 - Register for checkConnection events
2025-04-05 15:07:13,316 [FATAL] Updater:351 - Updater called before beeing initialized
2025-04-05 15:07:13,316 [ERROR] CADModel:125 - Updater not yet initialized, retry later 
2025-04-05 15:07:13,443 [FATAL] Updater:351 - Updater called before beeing initialized
2025-04-05 15:07:13,456 [INFO] CADModel:165 - CPN selected for project level
2025-04-05 15:07:13,456 [INFO] CADModel:114 - Register for checkConnection events
2025-04-05 15:07:13,456 [FATAL] Updater:351 - Updater called before beeing initialized
2025-04-05 15:07:13,456 [ERROR] CADModel:125 - Updater not yet initialized, retry later 
2025-04-05 15:07:13,459 [FATAL] Updater:351 - Updater called before beeing initialized
2025-04-05 15:07:13,553 [FATAL] Updater:351 - Updater called before beeing initialized
2025-04-05 15:07:13,569 [INFO] DbMcusAds:53 - JSON generation date=Tue Dec 17 08:01:15 PST 2024 (1734451275143)
2025-04-05 15:07:13,569 [FATAL] Updater:351 - Updater called before beeing initialized
2025-04-05 15:07:13,601 [WARN] DetailPanel:346 - Failed to get advertising image, set to default
2025-04-05 15:07:13,807 [FATAL] Updater:351 - Updater called before beeing initialized
2025-04-05 15:07:13,807 [FATAL] Updater:351 - Updater called before beeing initialized
2025-04-05 15:07:13,807 [FATAL] Updater:351 - Updater called before beeing initialized
2025-04-05 15:07:13,807 [WARN] DetailPanel:346 - Failed to get advertising image, set to default
2025-04-05 15:07:13,823 [FATAL] Updater:351 - Updater called before beeing initialized
2025-04-05 15:07:13,860 [ERROR] Updater:1198 - MainUpdater not yet initialized. External WinMGr cannot be set.
2025-04-05 15:07:13,860 [INFO] Updater:1134 - Updater Version found : 6.14.0
2025-04-05 15:07:13,876 [INFO] ApplicationProperties:184 - Using Application install path: C:\ST\STM32CubeIDE_1.18.0\STM32CubeIDE\plugins\com.st.stm32cube.common.mx_6.14.0.202502271554
2025-04-05 15:07:15,467 [ERROR] LogOutputStream:75 - [STDERR_REDIRECT] Apr 05, 2025 3:07:15 PM java.util.prefs.WindowsPreferences <init>
2025-04-05 15:07:15,468 [ERROR] LogOutputStream:75 - [STDERR_REDIRECT] WARNING: Could not open/create prefs root node Software\JavaSoft\Prefs at root 0xffffffff80000002. Windows RegCreateKeyEx(...) returned error code 5.
2025-04-05 15:07:15,468 [ERROR] LogOutputStream:75 - [STDERR_REDIRECT] 
2025-04-05 15:07:15,619 [INFO] ThirdPartyUpdaterWithRetryManager:70 - Updater plugin not ready yet. [2/15]
2025-04-05 15:07:15,754 [INFO] MainUpdater:2872 - connection check result : 10
2025-04-05 15:07:15,755 [INFO] MainUpdater:3566 - Updater definition file requires update
2025-04-05 15:07:15,755 [INFO] MainUpdater:289 - Updater Check For Update Now.
2025-04-05 15:07:15,755 [INFO] MicroXplorer:498 - Change Database Version : DB.6.0.140
2025-04-05 15:07:15,760 [INFO] McuFinderGlobals:63 - Set McuFinder mode to 2 (CubeIDE integrated)
2025-04-05 15:07:15,760 [INFO] UserAuth:486 - Internet connection configuration mode: 1
2025-04-05 15:07:15,774 [INFO] JxBrowserEngine:152 - Initiate JxBrowser Engine with user profile folder
2025-04-05 15:07:15,796 [INFO] ServerAccessManage:473 - Download File updaters.zip
2025-04-05 15:07:15,870 [INFO] FileExtend:242 - Unzip File : updaters.zip
2025-04-05 15:07:15,870 [INFO] FileExtend:257 - Standard Zip Deflate
2025-04-05 15:07:16,175 [INFO] ServerAccessManage:473 - Download File PacksControlFlags.xml
2025-04-05 15:07:16,266 [INFO] ServerAccessManage:473 - Download File cubemx.pidx
2025-04-05 15:07:16,762 [INFO] ServerAccessManage:473 - Download File STMicroelectronics.X-CUBE-DPOWER.pdsc
2025-04-05 15:07:17,170 [INFO] WebApp:169 - Instantiating new browser for Auth
2025-04-05 15:07:17,399 [ERROR] ServerAccessManage:1089 - Problem, file not found on Server
2025-04-05 15:07:17,663 [ERROR] ServerAccessManage:1089 - Problem, file not found on Server
2025-04-05 15:07:18,013 [INFO] WebApp:463 - Apply proxy settings
2025-04-05 15:07:18,014 [INFO] WebApp:548 - Chromium requires no authentication
2025-04-05 15:07:18,025 [INFO] WebApp:491 - Direct internet connection detected
2025-04-05 15:07:18,051 [INFO] WebApp:894 - Register for checkConnection events
2025-04-05 15:07:18,051 [INFO] WebApp:463 - Apply proxy settings
2025-04-05 15:07:18,051 [INFO] WebApp:548 - Chromium requires no authentication
2025-04-05 15:07:18,051 [INFO] WebApp:491 - Direct internet connection detected
2025-04-05 15:07:18,204 [INFO] WebApp:191 - Connection restablished
2025-04-05 15:07:18,239 [INFO] WebApp:225 - Starting web application
2025-04-05 15:07:18,239 [INFO] WebApp:593 - Web application path used C:\ST\STM32CubeIDE_1.18.0\STM32CubeIDE\plugins\com.st.stm32cube.common.mx_6.14.0.202502271554\db\plugins\mcufinder\reactClient1\index.html
2025-04-05 15:07:18,381 [INFO] UserAuth:486 - Internet connection configuration mode: 1
2025-04-05 15:07:18,427 [ERROR] ServerAccessManage:1089 - Problem, file not found on Server
2025-04-05 15:07:18,621 [WARN] MainUpdater:1193 - Updater busy. Cannot search thirdparties
2025-04-05 15:07:18,621 [INFO] ThirdPartyUpdaterWithRetryManager:96 - Updater plugin is busy. [1/15]
2025-04-05 15:07:18,913 [ERROR] ServerAccessManage:1089 - Problem, file not found on Server
2025-04-05 15:07:19,107 [ERROR] ServerAccessManage:1089 - Problem, file not found on Server
2025-04-05 15:07:19,315 [ERROR] ServerAccessManage:1089 - Problem, file not found on Server
2025-04-05 15:07:19,800 [ERROR] ServerAccessManage:1089 - Problem, file not found on Server
2025-04-05 15:07:20,244 [ERROR] ServerAccessManage:1089 - Problem, file not found on Server
2025-04-05 15:07:20,700 [ERROR] ServerAccessManage:1089 - Problem, file not found on Server
2025-04-05 15:07:21,204 [ERROR] ServerAccessManage:1089 - Problem, file not found on Server
2025-04-05 15:07:21,622 [WARN] MainUpdater:1193 - Updater busy. Cannot search thirdparties
2025-04-05 15:07:21,622 [INFO] ThirdPartyUpdaterWithRetryManager:96 - Updater plugin is busy. [2/15]
2025-04-05 15:07:21,656 [ERROR] ServerAccessManage:1089 - Problem, file not found on Server
2025-04-05 15:07:22,242 [WARN] PackLoader:240 - Cannot read IP mode file for STMicroelectronics.X-CUBE-DPower.1.3.0
2025-04-05 15:07:22,243 [INFO] PopulateThirdPartyThread:66 - Ending populate Thread
2025-04-05 15:07:22,245 [INFO] ThirdParty:1030 - CMSIS Pack Vendor :STMicroelectronics X-CUBE-DPower 1.3.0
2025-04-05 15:07:22,245 [INFO] LoadServerUpdatesThread:375 - End of LoadServerUpdate Thread
2025-04-05 15:07:22,287 [INFO] CheckServerUpdateThread:120 - End of CheckServer Thread
2025-04-05 15:07:24,777 [WARN] PackLoader:240 - Cannot read IP mode file for STMicroelectronics.FP-SNS-MOTENVWB1.1.4.0
2025-04-05 15:07:24,781 [WARN] PackLoader:240 - Cannot read IP mode file for STMicroelectronics.FP-ATR-ASTRA1.2.0.2
2025-04-05 15:07:24,786 [WARN] PackLoader:240 - Cannot read IP mode file for STMicroelectronics.X-CUBE-SMBUS.2.1.0
2025-04-05 15:07:24,791 [WARN] PackLoader:240 - Cannot read IP mode file for STMicroelectronics.X-CUBE-WB05N.1.1.0
2025-04-05 15:07:24,806 [WARN] PackLoader:240 - Cannot read IP mode file for STMicroelectronics.X-CUBE-AZRTOS-F7.1.1.0
2025-04-05 15:07:24,812 [WARN] PackLoader:240 - Cannot read IP mode file for STMicroelectronics.FP-SNS-FLIGHT1.5.0.2
2025-04-05 15:07:24,827 [WARN] PackLoader:240 - Cannot read IP mode file for Infineon.AIROC-Wi-Fi-Bluetooth-STM32.1.7.0
2025-04-05 15:07:24,837 [WARN] PackLoader:240 - Cannot read IP mode file for STMicroelectronics.X-CUBE-DISPLAY.3.0.0
2025-04-05 15:07:24,845 [WARN] PackLoader:240 - Cannot read IP mode file for STMicroelectronics.X-CUBE-NFC10.1.0.0
2025-04-05 15:07:24,854 [WARN] PackLoader:240 - Cannot read IP mode file for STMicroelectronics.X-CUBE-BLEMGR.4.0.0
2025-04-05 15:07:24,859 [WARN] PackLoader:240 - Cannot read IP mode file for emotas.I-CUBE-CANOPEN.1.3.0
2025-04-05 15:07:24,863 [WARN] PackLoader:240 - Cannot read IP mode file for STMicroelectronics.X-CUBE-AI.10.0.0
2025-04-05 15:07:24,867 [WARN] PackLoader:240 - Cannot read IP mode file for STMicroelectronics.FP-SNS-SMARTAG2.1.2.0
2025-04-05 15:07:24,871 [WARN] PackLoader:240 - Cannot read IP mode file for STMicroelectronics.FP-SNS-FLIGHT1.5.1.0
2025-04-05 15:07:24,898 [WARN] PackLoader:240 - Cannot read IP mode file for STMicroelectronics.X-CUBE-MEMS1.11.1.0
2025-04-05 15:07:24,983 [INFO] LogOutputStream:77 - [STDOUT_REDIRECT] 1 : Invalid condition id : UX_CORESTACK_Condition cause : null
2025-04-05 15:07:24,983 [INFO] LogOutputStream:77 - [STDOUT_REDIRECT] 1 : Invalid condition id : UX_CORESTACK_Condition cause : null
2025-04-05 15:07:24,984 [INFO] LogOutputStream:77 - [STDOUT_REDIRECT] 1 : Invalid condition id : UX_CORESTACK_Condition cause : null
2025-04-05 15:07:24,985 [INFO] LogOutputStream:77 - [STDOUT_REDIRECT] 1 : Invalid condition id : UX_CORESTACK_Condition cause : null
2025-04-05 15:07:24,986 [INFO] LogOutputStream:77 - [STDOUT_REDIRECT] 1 : Invalid condition id : UX_CORESTACK_Condition cause : null
2025-04-05 15:07:24,988 [WARN] PackLoader:240 - Cannot read IP mode file for STMicroelectronics.X-CUBE-AZRTOS-WL.2.0.0
2025-04-05 15:07:24,992 [WARN] PackLoader:240 - Cannot read IP mode file for STMicroelectronics.FP-SNS-MOTENV1.5.0.0
2025-04-05 15:07:24,998 [WARN] PackLoader:240 - Cannot read IP mode file for WES.I-CUBE-Cesium.1.3.0
2025-04-05 15:07:25,002 [WARN] PackLoader:240 - Cannot read IP mode file for STMicroelectronics.X-CUBE-BLE2.3.3.0
2025-04-05 15:07:25,007 [WARN] PackLoader:240 - Cannot read IP mode file for STMicroelectronics.X-CUBE-NFC9.1.0.0
2025-04-05 15:07:25,011 [WARN] PackLoader:240 - Cannot read IP mode file for STMicroelectronics.X-CUBE-BLE1.7.1.0
2025-04-05 15:07:25,016 [WARN] PackLoader:240 - Cannot read IP mode file for wolfSSL.I-CUBE-wolfMQTT.1.19.2
2025-04-05 15:07:25,032 [WARN] PackLoader:240 - Cannot read IP mode file for STMicroelectronics.X-CUBE-AZRTOS-G0.1.1.0
2025-04-05 15:07:25,041 [WARN] PackLoader:240 - Cannot read IP mode file for STMicroelectronics.X-CUBE-SAFEA1.1.2.2
2025-04-05 15:07:25,046 [WARN] PackLoader:240 - Cannot read IP mode file for STMicroelectronics.X-CUBE-NFC4.3.0.0
2025-04-05 15:07:25,052 [WARN] PackLoader:240 - Cannot read IP mode file for EmbeddedOffice.I-CUBE-FS-RTOS.1.0.1
2025-04-05 15:07:25,056 [WARN] PackLoader:240 - Cannot read IP mode file for wolfSSL.I-CUBE-wolfTPM.3.8.0
2025-04-05 15:07:25,061 [WARN] PackLoader:240 - Cannot read IP mode file for STMicroelectronics.X-CUBE-TCPP.4.2.0
2025-04-05 15:07:25,066 [WARN] PackLoader:240 - Cannot read IP mode file for RealThread.X-CUBE-RT-Thread_Nano.4.1.1
2025-04-05 15:07:25,071 [WARN] PackLoader:240 - Cannot read IP mode file for STMicroelectronics.FP-ATR-SIGFOX1.3.2.0
2025-04-05 15:07:25,075 [WARN] ConditionMgr:438 - getConditionDescription Invalid condition id : Cortex-A Device cause : null
2025-04-05 15:07:25,103 [WARN] ConditionMgr:1044 - genDependencies : Invalid condition id : Cortex-A Device cause : null
2025-04-05 15:07:25,103 [WARN] ConditionMgr:1044 - genDependencies : Invalid condition id : Cortex-A Device cause : null
2025-04-05 15:07:25,103 [WARN] ConditionMgr:1044 - genDependencies : Invalid condition id : Cortex-A Device cause : null
2025-04-05 15:07:25,109 [WARN] PackLoader:240 - Cannot read IP mode file for STMicroelectronics.X-CUBE-EEPRMA1.5.1.0
2025-04-05 15:07:25,113 [WARN] PackLoader:240 - Cannot read IP mode file for wolfSSL.I-CUBE-wolfSSL.5.7.6
2025-04-05 15:07:25,118 [WARN] PackLoader:240 - Cannot read IP mode file for ITTIA_DB.I-CUBE-ITTIADB.8.9.0
2025-04-05 15:07:25,133 [WARN] PackLoader:240 - Cannot read IP mode file for SEGGER.I-CUBE-embOS.1.3.1
2025-04-05 15:07:25,157 [WARN] PackLoader:240 - Cannot read IP mode file for STMicroelectronics.X-CUBE-ALGOBUILD.1.4.0
2025-04-05 15:07:25,167 [WARN] PackLoader:240 - Cannot read IP mode file for STMicroelectronics.X-CUBE-AZRTOS-F4.1.1.0
2025-04-05 15:07:25,173 [WARN] PackLoader:240 - Cannot read IP mode file for STMicroelectronics.X-CUBE-ISPU.2.1.0
2025-04-05 15:07:25,183 [WARN] PackLoader:240 - Cannot read IP mode file for STMicroelectronics.X-CUBE-AZRTOS-L5.2.0.0
2025-04-05 15:07:25,191 [WARN] PackLoader:240 - Cannot read IP mode file for STMicroelectronics.X-CUBE-NFC6.3.1.0
2025-04-05 15:07:25,196 [WARN] PackLoader:240 - Cannot read IP mode file for STMicroelectronics.X-CUBE-DPower.1.2.0
2025-04-05 15:07:25,201 [WARN] PackLoader:240 - Cannot read IP mode file for STMicroelectronics.X-CUBE-FREERTOS.1.3.0
2025-04-05 15:07:25,206 [WARN] PackLoader:240 - Cannot read IP mode file for STMicroelectronics.X-CUBE-NFC7.1.0.1
2025-04-05 15:07:25,210 [WARN] PackLoader:240 - Cannot read IP mode file for STMicroelectronics.X-CUBE-DPower.1.3.0
2025-04-05 15:07:25,220 [WARN] ConditionMgr:438 - getConditionDescription Invalid condition id : LAN8742 Phy interface Condition cause : null
2025-04-05 15:07:25,221 [WARN] PackLoader:240 - Cannot read IP mode file for STMicroelectronics.X-CUBE-AZRTOS-L4.2.0.0
2025-04-05 15:07:25,221 [WARN] ConditionMgr:1044 - genDependencies : Invalid condition id : LAN8742 Phy interface Condition cause : null
2025-04-05 15:07:25,222 [WARN] ConditionMgr:1044 - genDependencies : Invalid condition id : LAN8742 Phy interface Condition cause : null
2025-04-05 15:07:25,222 [WARN] ConditionMgr:1044 - genDependencies : Invalid condition id : LAN8742 Phy interface Condition cause : null
2025-04-05 15:07:25,227 [WARN] PackLoader:240 - Cannot read IP mode file for STMicroelectronics.X-CUBE-SFXS2LP1.4.0.0
2025-04-05 15:07:25,238 [WARN] PackLoader:240 - Cannot read IP mode file for STMicroelectronics.X-CUBE-AZRTOS-H7.3.3.0
2025-04-05 15:07:25,246 [WARN] ConditionMgr:438 - getConditionDescription Invalid condition id : UX DEVICE CLASS RTOS Condition cause : null
2025-04-05 15:07:25,247 [WARN] ConditionMgr:438 - getConditionDescription Invalid condition id : UX DEVICE CLASS RTOS Condition cause : null
2025-04-05 15:07:25,247 [WARN] PackLoader:240 - Cannot read IP mode file for STMicroelectronics.X-CUBE-AZRTOS-WB.2.0.0
2025-04-05 15:07:25,248 [WARN] ConditionMgr:1044 - genDependencies : Invalid condition id : UX DEVICE CLASS RTOS Condition cause : null
2025-04-05 15:07:25,248 [WARN] ConditionMgr:1044 - genDependencies : Invalid condition id : UX DEVICE CLASS RTOS Condition cause : null
2025-04-05 15:07:25,248 [WARN] ConditionMgr:1044 - genDependencies : Invalid condition id : UX DEVICE CLASS RTOS Condition cause : null
2025-04-05 15:07:25,248 [WARN] ConditionMgr:1044 - genDependencies : Invalid condition id : UX DEVICE CLASS RTOS Condition cause : null
2025-04-05 15:07:25,248 [WARN] ConditionMgr:1044 - genDependencies : Invalid condition id : UX DEVICE CLASS RTOS Condition cause : null
2025-04-05 15:07:25,253 [WARN] PackLoader:240 - Cannot read IP mode file for STMicroelectronics.X-CUBE-GNSS1.7.0.1
2025-04-05 15:07:25,257 [WARN] PackLoader:240 - Cannot read IP mode file for STMicroelectronics.X-CUBE-TOUCHGFX.4.25.0
2025-04-05 15:07:25,261 [WARN] PackLoader:240 - Cannot read IP mode file for STMicroelectronics.FP-SNS-STBOX1.2.0.0
2025-04-05 15:07:25,269 [WARN] PackLoader:240 - Cannot read IP mode file for STMicroelectronics.X-CUBE-SUBG2.5.0.0
2025-04-05 15:07:25,280 [WARN] PackLoader:240 - Cannot read IP mode file for STMicroelectronics.X-CUBE-AZRTOS-H7RS.1.1.0
2025-04-05 15:07:25,286 [WARN] PackLoader:240 - Cannot read IP mode file for Cesanta.I-CUBE-Mongoose.7.13.0
2025-04-05 15:07:25,292 [WARN] PackLoader:240 - Cannot read IP mode file for STMicroelectronics.X-CUBE-AZRTOS-G4.2.0.0
2025-04-05 15:07:25,296 [WARN] PackLoader:240 - Cannot read IP mode file for wolfSSL.I-CUBE-wolfSSH.1.4.20
2025-04-05 15:07:25,304 [WARN] PackLoader:240 - Cannot read IP mode file for STMicroelectronics.X-CUBE-IPS.3.1.0
2025-04-05 15:07:25,310 [WARN] PackLoader:240 - Cannot read IP mode file for STMicroelectronics.X-CUBE-ALS.1.0.2
2025-04-05 15:07:25,312 [WARN] PackLoader:240 - Cannot read IP mode file for STMicroelectronics.X-CUBE-TOUCHGFX.4.24.2
2025-04-05 15:07:25,316 [WARN] PackLoader:240 - Cannot read IP mode file for portGmbH.I-Cube-SoM-uGOAL.1.1.0
2025-04-05 15:07:25,324 [WARN] PackLoader:240 - Cannot read IP mode file for STMicroelectronics.X-CUBE-AZRTOS-H7RS.1.0.0
2025-04-05 15:07:25,331 [WARN] PackLoader:240 - Cannot read IP mode file for STMicroelectronics.X-CUBE-TOF1.3.4.2
2025-04-05 15:07:25,336 [INFO] ThirdParty:978 - Integrity check success = true
2025-04-05 15:07:25,336 [INFO] IntegrityCheckThread:100 - exiting critical section [integrity check]
2025-04-05 15:07:25,336 [INFO] IntegrityCheckThread:103 - End integrity checks thread
2025-04-05 16:33:45,650 [ERROR] LogOutputStream:75 - [STDERR_REDIRECT] 
