2025-03-06 17:30:29,767 [INFO] Activator:176 - 


2025-03-06 17:30:30,037 [INFO] Activator:177 - !SESSION log4j initialized
2025-03-06 17:30:41,017 [INFO] LogOutputStream:77 - [STDOUT_REDIRECT] 
2025-03-06 17:30:43,299 [INFO] ApplicationProperties:184 - Using Application install path: C:\ST\STM32CubeIDE_1.18.0\STM32CubeIDE\plugins\com.st.stm32cube.common.mx_6.14.0.202502271554
2025-03-06 17:30:43,339 [INFO] DbMcusXml:78 - Set database path to: C:\ST\STM32CubeIDE_1.18.0\STM32CubeIDE\plugins\com.st.stm32cube.common.mx_6.14.0.202502271554\\db\/mcu/
2025-03-06 17:30:43,340 [INFO] ApiDb:274 - Set plugin database path to: C:\ST\STM32CubeIDE_1.18.0\STM32CubeIDE\plugins\com.st.stm32cube.common.mx_6.14.0.202502271554\\db\/plugins/boardmanager/
2025-03-06 17:30:43,341 [WARN] ApiDb:259 - Overriding images path with different value:  => C:\ST\STM32CubeIDE_1.18.0\STM32CubeIDE\plugins\com.st.stm32cube.common.mx_6.14.0.202502271554\\db\/plugins/mcufinder/images/
2025-03-06 17:30:43,358 [INFO] ApiDb:250 - Set database path to: C:\Users\School\.stmcufinder\plugins\mcufinder//mcu/
2025-03-06 17:30:43,361 [INFO] DbMcusAds:125 - Set database path to: C:\Users\School\.stmcufinder\plugins\mcufinder//mcu/
2025-03-06 17:30:43,367 [INFO] CrossReferenceDbSqlite:203 - Set database path to: C:\Users\School\.stmcufinder\plugins\mcufinder//mcu/cs/
2025-03-06 17:30:43,569 [INFO] RulesReader:64 - Compatibility file has been processed (301 Rules)
2025-03-06 17:30:43,714 [INFO] DbMcusXml:78 - Set database path to: C:\ST\STM32CubeIDE_1.18.0\STM32CubeIDE\plugins\com.st.stm32cube.common.mx_6.14.0.202502271554\\db\/mcu/
2025-03-06 17:30:43,714 [INFO] ApiDb:274 - Set plugin database path to: C:\ST\STM32CubeIDE_1.18.0\STM32CubeIDE\plugins\com.st.stm32cube.common.mx_6.14.0.202502271554\\db\/plugins/boardmanager/
2025-03-06 17:30:43,714 [INFO] ApiDb:261 - Set plugin images path to: C:\ST\STM32CubeIDE_1.18.0\STM32CubeIDE\plugins\com.st.stm32cube.common.mx_6.14.0.202502271554\\db\/plugins/mcufinder/images/
2025-03-06 17:30:43,716 [WARN] DbFile:41 - Overriding database path with different value: C:\Users\School\.stmcufinder\plugins\mcufinder/ => C:\Users\School\.stmcufinder\plugins\mcufinder
2025-03-06 17:30:43,716 [INFO] ApiDb:250 - Set database path to: C:\Users\School\.stmcufinder\plugins\mcufinder//mcu/
2025-03-06 17:30:43,716 [WARN] DbFile:41 - Overriding database path with different value: C:\Users\School\.stmcufinder\plugins\mcufinder/ => C:\Users\School\.stmcufinder\plugins\mcufinder
2025-03-06 17:30:43,717 [INFO] DbMcusAds:125 - Set database path to: C:\Users\School\.stmcufinder\plugins\mcufinder//mcu/
2025-03-06 17:30:43,717 [WARN] DbFile:41 - Overriding database path with different value: C:\Users\School\.stmcufinder\plugins\mcufinder/ => C:\Users\School\.stmcufinder\plugins\mcufinder
2025-03-06 17:30:43,717 [WARN] DbFile:41 - Overriding database path with different value: C:\Users\School\.stmcufinder\plugins\mcufinder/ => C:\Users\School\.stmcufinder\plugins\mcufinder
2025-03-06 17:30:43,717 [INFO] CrossReferenceDbSqlite:203 - Set database path to: C:\Users\School\.stmcufinder\plugins\mcufinder//mcu/cs/
2025-03-06 17:30:43,831 [INFO] MainPanel:272 - HeapMemory: 268435456
2025-03-06 17:30:43,996 [INFO] DbMcusXml:78 - Set database path to: C:\ST\STM32CubeIDE_1.18.0\STM32CubeIDE\plugins\com.st.stm32cube.common.mx_6.14.0.202502271554\\db\/mcu/
2025-03-06 17:30:43,996 [INFO] ApiDb:274 - Set plugin database path to: C:\ST\STM32CubeIDE_1.18.0\STM32CubeIDE\plugins\com.st.stm32cube.common.mx_6.14.0.202502271554\\db\/plugins/boardmanager/
2025-03-06 17:30:43,997 [INFO] ApiDb:261 - Set plugin images path to: C:\ST\STM32CubeIDE_1.18.0\STM32CubeIDE\plugins\com.st.stm32cube.common.mx_6.14.0.202502271554\\db\/plugins/mcufinder/images/
2025-03-06 17:30:43,997 [WARN] DbFile:41 - Overriding database path with different value: C:\Users\School\.stmcufinder\plugins\mcufinder/ => C:\Users\School\.stmcufinder\plugins\mcufinder
2025-03-06 17:30:43,997 [INFO] ApiDb:250 - Set database path to: C:\Users\School\.stmcufinder\plugins\mcufinder//mcu/
2025-03-06 17:30:43,997 [WARN] DbFile:41 - Overriding database path with different value: C:\Users\School\.stmcufinder\plugins\mcufinder/ => C:\Users\School\.stmcufinder\plugins\mcufinder
2025-03-06 17:30:43,997 [INFO] DbMcusAds:125 - Set database path to: C:\Users\School\.stmcufinder\plugins\mcufinder//mcu/
2025-03-06 17:30:43,997 [WARN] DbFile:41 - Overriding database path with different value: C:\Users\School\.stmcufinder\plugins\mcufinder/ => C:\Users\School\.stmcufinder\plugins\mcufinder
2025-03-06 17:30:43,997 [WARN] DbFile:41 - Overriding database path with different value: C:\Users\School\.stmcufinder\plugins\mcufinder/ => C:\Users\School\.stmcufinder\plugins\mcufinder
2025-03-06 17:30:43,998 [INFO] CrossReferenceDbSqlite:203 - Set database path to: C:\Users\School\.stmcufinder\plugins\mcufinder//mcu/cs/
2025-03-06 17:30:44,024 [INFO] ApplicationProperties:184 - Using Application install path: C:\ST\STM32CubeIDE_1.18.0\STM32CubeIDE\plugins\com.st.stm32cube.common.mx_6.14.0.202502271554
2025-03-06 17:30:44,025 [INFO] PluginManage:196 - Search for loadable plugins [exclusion list=, ]
2025-03-06 17:30:44,027 [INFO] PluginManage:310 - Check plugin analytics
2025-03-06 17:30:44,205 [INFO] AnalyticsPlugin:253 - Accepted Software Licenses: 
2025-03-06 17:30:44,205 [INFO] AnalyticsPlugin:255 - Accepted CMSIS Pack Licenses: 
2025-03-06 17:30:44,206 [INFO] AnalyticsPlugin:257 - Accepted Firmware Licenses: FW.WB.1.22.0
2025-03-06 17:30:44,208 [INFO] PluginManage:359 - Loaded plugin analytics (category:tool,tabindex:-1)
2025-03-06 17:30:44,208 [INFO] PluginManage:310 - Check plugin cadmodel
2025-03-06 17:30:44,214 [INFO] CADModel:105 - Init CAD model plugin
2025-03-06 17:30:44,214 [INFO] PluginManage:359 - Loaded plugin cadmodel (category:power,tabindex:5)
2025-03-06 17:30:44,214 [INFO] PluginManage:310 - Check plugin clock
2025-03-06 17:30:44,225 [INFO] PluginManage:359 - Loaded plugin clock (category:base,tabindex:2)
2025-03-06 17:30:44,225 [INFO] PluginManage:310 - Check plugin ddr
2025-03-06 17:30:44,228 [INFO] PluginManage:359 - Loaded plugin ddr (category:tool,tabindex:6)
2025-03-06 17:30:44,228 [INFO] PluginManage:310 - Check plugin filemanager
2025-03-06 17:30:44,405 [INFO] PluginManage:359 - Loaded plugin filemanager (category:base,tabindex:10)
2025-03-06 17:30:44,407 [INFO] PluginManage:310 - Check plugin ipmanager
2025-03-06 17:30:44,420 [INFO] PluginManage:359 - Loaded plugin ipmanager (category:base,tabindex:5)
2025-03-06 17:30:44,420 [INFO] PluginManage:310 - Check plugin lpbam
2025-03-06 17:30:44,430 [INFO] PluginManage:359 - Loaded plugin lpbam (category:base,tabindex:0)
2025-03-06 17:30:44,430 [INFO] PluginManage:310 - Check plugin memorymap
2025-03-06 17:30:44,454 [INFO] PluginManage:359 - Loaded plugin memorymap (category:base,tabindex:4)
2025-03-06 17:30:44,455 [INFO] PluginManage:310 - Check plugin pinoutandconfiguration
2025-03-06 17:30:44,467 [INFO] PluginManage:359 - Loaded plugin pinoutandconfiguration (category:base,tabindex:1)
2025-03-06 17:30:44,467 [INFO] PluginManage:310 - Check plugin pinoutconfig
2025-03-06 17:30:44,593 [WARN] SupportedApi:132 - Cannot load RTOS API schema: s4s-elt-must-match.1: The content of 'definitions' must match (annotation?, (simpleType | complexType)?, (unique | key | keyref)*)). A problem was found starting at: attribute.
2025-03-06 17:30:44,848 [INFO] PluginManage:359 - Loaded plugin pinoutconfig (category:base,tabindex:0)
2025-03-06 17:30:44,849 [INFO] PluginManage:310 - Check plugin power
2025-03-06 17:30:44,868 [INFO] PluginManage:359 - Loaded plugin power (category:power,tabindex:4)
2025-03-06 17:30:44,868 [INFO] PluginManage:310 - Check plugin projectmanager
2025-03-06 17:30:44,889 [INFO] PluginManage:359 - Loaded plugin projectmanager (category:projectmanager,tabindex:4)
2025-03-06 17:30:44,889 [INFO] PluginManage:310 - Check plugin rif
2025-03-06 17:30:44,902 [INFO] PluginManage:359 - Loaded plugin rif (category:base,tabindex:3)
2025-03-06 17:30:44,902 [INFO] PluginManage:310 - Check plugin thirdparty
2025-03-06 17:30:45,132 [INFO] PluginManage:359 - Loaded plugin thirdparty (category:base,tabindex:-1)
2025-03-06 17:30:45,132 [WARN] IntegrityCheckThread:84 - waiting for thirdparty lock release [integrity check]
2025-03-06 17:30:45,132 [INFO] IntegrityCheckThread:86 - entering critical section [integrity check]
2025-03-06 17:30:45,132 [INFO] PluginManage:310 - Check plugin tools
2025-03-06 17:30:45,132 [INFO] ThirdPartyUpdaterWithRetryManager:70 - Updater plugin not ready yet. [1/15]
2025-03-06 17:30:45,137 [INFO] PluginManage:359 - Loaded plugin tools (category:base,tabindex:7)
2025-03-06 17:30:45,138 [INFO] PluginManage:310 - Check plugin tutovideos
2025-03-06 17:30:45,493 [INFO] PluginManage:359 - Loaded plugin tutovideos (category:base,tabindex:-1)
2025-03-06 17:30:45,493 [INFO] PluginManage:310 - Check plugin updater
2025-03-06 17:30:45,716 [INFO] PluginManage:359 - Loaded plugin updater (category:base,tabindex:12)
2025-03-06 17:30:45,717 [INFO] PluginManage:310 - Check plugin userauth
2025-03-06 17:30:45,723 [INFO] UserAuth:118 - Init User Auth plugin
2025-03-06 17:30:45,725 [INFO] PluginManage:359 - Loaded plugin userauth (category:base,tabindex:14)
2025-03-06 17:30:45,725 [INFO] PluginManage:283 - PluginManage : Loaded plugins [18]
2025-03-06 17:30:46,154 [INFO] PinOutPanel:1589 - setPackage(No Configuration,No Configuration)
2025-03-06 17:30:46,323 [INFO] CADModel:165 - CPN selected for project level
2025-03-06 17:30:46,323 [INFO] CADModel:114 - Register for checkConnection events
2025-03-06 17:30:46,363 [INFO] IPUIPlugin:80 - create IPUIPlugin
2025-03-06 17:30:46,364 [INFO] PluginManager:220 - loadIPPluginJar : add adc
2025-03-06 17:30:46,371 [INFO] IPUIPlugin:80 - create IPUIPlugin
2025-03-06 17:30:46,371 [INFO] PluginManager:220 - loadIPPluginJar : add aes
2025-03-06 17:30:46,379 [INFO] IPUIPlugin:80 - create IPUIPlugin
2025-03-06 17:30:46,380 [INFO] PluginManager:220 - loadIPPluginJar : add can
2025-03-06 17:30:46,384 [INFO] IPUIPlugin:80 - create IPUIPlugin
2025-03-06 17:30:46,384 [INFO] PluginManager:220 - loadIPPluginJar : add comp
2025-03-06 17:30:46,389 [INFO] IPUIPlugin:80 - create IPUIPlugin
2025-03-06 17:30:46,389 [INFO] PluginManager:220 - loadIPPluginJar : add cryp
2025-03-06 17:30:46,397 [INFO] IPUIPlugin:80 - create IPUIPlugin
2025-03-06 17:30:46,398 [INFO] PluginManager:220 - loadIPPluginJar : add ddr_ctrl_phy
2025-03-06 17:30:46,402 [INFO] IPUIPlugin:80 - create IPUIPlugin
2025-03-06 17:30:46,402 [INFO] PluginManager:220 - loadIPPluginJar : add dfsdm
2025-03-06 17:30:46,412 [INFO] IPUIPlugin:80 - create IPUIPlugin
2025-03-06 17:30:46,413 [INFO] PluginManager:220 - loadIPPluginJar : add dma
2025-03-06 17:30:46,418 [INFO] IPUIPlugin:80 - create IPUIPlugin
2025-03-06 17:30:46,418 [INFO] PluginManager:220 - loadIPPluginJar : add dma3
2025-03-06 17:30:46,424 [INFO] IPUIPlugin:80 - create IPUIPlugin
2025-03-06 17:30:46,424 [INFO] PluginManager:220 - loadIPPluginJar : add extmemmanager
2025-03-06 17:30:46,427 [INFO] IPUIPlugin:80 - create IPUIPlugin
2025-03-06 17:30:46,427 [INFO] PluginManager:220 - loadIPPluginJar : add fatfs
2025-03-06 17:30:46,439 [INFO] IPUIPlugin:80 - create IPUIPlugin
2025-03-06 17:30:46,439 [INFO] PluginManager:220 - loadIPPluginJar : add fmc
2025-03-06 17:30:46,450 [INFO] IPUIPlugin:80 - create IPUIPlugin
2025-03-06 17:30:46,450 [INFO] PluginManager:220 - loadIPPluginJar : add freertos
2025-03-06 17:30:46,458 [INFO] IPUIPlugin:80 - create IPUIPlugin
2025-03-06 17:30:46,459 [INFO] PluginManager:220 - loadIPPluginJar : add genericplugin
2025-03-06 17:30:46,464 [INFO] IPUIPlugin:80 - create IPUIPlugin
2025-03-06 17:30:46,465 [INFO] PluginManager:220 - loadIPPluginJar : add gfxmmu
2025-03-06 17:30:46,474 [INFO] IPUIPlugin:80 - create IPUIPlugin
2025-03-06 17:30:46,475 [INFO] PluginManager:220 - loadIPPluginJar : add gic
2025-03-06 17:30:46,483 [INFO] IPUIPlugin:80 - create IPUIPlugin
2025-03-06 17:30:46,484 [INFO] PluginManager:220 - loadIPPluginJar : add gpio
2025-03-06 17:30:46,490 [INFO] IPUIPlugin:80 - create IPUIPlugin
2025-03-06 17:30:46,490 [INFO] PluginManager:220 - loadIPPluginJar : add gtzc
2025-03-06 17:30:46,495 [INFO] IPUIPlugin:80 - create IPUIPlugin
2025-03-06 17:30:46,495 [INFO] PluginManager:220 - loadIPPluginJar : add hash
2025-03-06 17:30:46,501 [INFO] IPUIPlugin:80 - create IPUIPlugin
2025-03-06 17:30:46,501 [INFO] PluginManager:220 - loadIPPluginJar : add i2c
2025-03-06 17:30:46,506 [INFO] IPUIPlugin:80 - create IPUIPlugin
2025-03-06 17:30:46,506 [INFO] PluginManager:220 - loadIPPluginJar : add i2s
2025-03-06 17:30:46,513 [INFO] IPUIPlugin:80 - create IPUIPlugin
2025-03-06 17:30:46,514 [INFO] PluginManager:220 - loadIPPluginJar : add i3c
2025-03-06 17:30:46,521 [INFO] IPUIPlugin:80 - create IPUIPlugin
2025-03-06 17:30:46,521 [INFO] PluginManager:220 - loadIPPluginJar : add ipddr
2025-03-06 17:30:46,536 [INFO] IPUIPlugin:80 - create IPUIPlugin
2025-03-06 17:30:46,536 [INFO] PluginManager:220 - loadIPPluginJar : add linkedlist
2025-03-06 17:30:46,544 [INFO] IPUIPlugin:80 - create IPUIPlugin
2025-03-06 17:30:46,544 [INFO] PluginManager:220 - loadIPPluginJar : add lorawan
2025-03-06 17:30:46,548 [INFO] IPUIPlugin:80 - create IPUIPlugin
2025-03-06 17:30:46,549 [INFO] PluginManager:220 - loadIPPluginJar : add ltdc
2025-03-06 17:30:46,560 [INFO] IPUIPlugin:80 - create IPUIPlugin
2025-03-06 17:30:46,561 [INFO] PluginManager:220 - loadIPPluginJar : add mdma
2025-03-06 17:30:46,569 [INFO] IPUIPlugin:80 - create IPUIPlugin
2025-03-06 17:30:46,570 [INFO] PluginManager:220 - loadIPPluginJar : add nvic
2025-03-06 17:30:46,577 [INFO] IPUIPlugin:80 - create IPUIPlugin
2025-03-06 17:30:46,577 [INFO] PluginManager:220 - loadIPPluginJar : add opamp
2025-03-06 17:30:46,582 [INFO] IPUIPlugin:80 - create IPUIPlugin
2025-03-06 17:30:46,583 [INFO] PluginManager:220 - loadIPPluginJar : add openamp
2025-03-06 17:30:46,590 [INFO] IPUIPlugin:80 - create IPUIPlugin
2025-03-06 17:30:46,590 [INFO] PluginManager:220 - loadIPPluginJar : add pdm2pcm
2025-03-06 17:30:46,601 [INFO] IPUIPlugin:80 - create IPUIPlugin
2025-03-06 17:30:46,604 [INFO] PluginManager:220 - loadIPPluginJar : add plateformsettings
2025-03-06 17:30:46,607 [INFO] IPUIPlugin:80 - create IPUIPlugin
2025-03-06 17:30:46,608 [INFO] PluginManager:220 - loadIPPluginJar : add quadspi
2025-03-06 17:30:46,613 [INFO] IPUIPlugin:80 - create IPUIPlugin
2025-03-06 17:30:46,614 [INFO] PluginManager:220 - loadIPPluginJar : add radio
2025-03-06 17:30:46,622 [INFO] IPUIPlugin:80 - create IPUIPlugin
2025-03-06 17:30:46,622 [INFO] PluginManager:220 - loadIPPluginJar : add resmgrutility
2025-03-06 17:30:46,627 [INFO] IPUIPlugin:80 - create IPUIPlugin
2025-03-06 17:30:46,627 [INFO] PluginManager:220 - loadIPPluginJar : add sai
2025-03-06 17:30:46,631 [INFO] IPUIPlugin:80 - create IPUIPlugin
2025-03-06 17:30:46,631 [INFO] PluginManager:220 - loadIPPluginJar : add spi
2025-03-06 17:30:46,642 [INFO] IPUIPlugin:80 - create IPUIPlugin
2025-03-06 17:30:46,642 [INFO] PluginManager:220 - loadIPPluginJar : add stm32_wpan
2025-03-06 17:30:46,647 [INFO] IPUIPlugin:80 - create IPUIPlugin
2025-03-06 17:30:46,647 [INFO] PluginManager:220 - loadIPPluginJar : add tim
2025-03-06 17:30:46,655 [INFO] IPUIPlugin:80 - create IPUIPlugin
2025-03-06 17:30:46,656 [INFO] PluginManager:220 - loadIPPluginJar : add touchsensing
2025-03-06 17:30:46,660 [INFO] IPUIPlugin:80 - create IPUIPlugin
2025-03-06 17:30:46,660 [INFO] PluginManager:220 - loadIPPluginJar : add tracer_emb
2025-03-06 17:30:46,665 [INFO] IPUIPlugin:80 - create IPUIPlugin
2025-03-06 17:30:46,665 [INFO] PluginManager:220 - loadIPPluginJar : add ts
2025-03-06 17:30:46,669 [INFO] IPUIPlugin:80 - create IPUIPlugin
2025-03-06 17:30:46,669 [INFO] PluginManager:220 - loadIPPluginJar : add tsc
2025-03-06 17:30:46,673 [INFO] IPUIPlugin:80 - create IPUIPlugin
2025-03-06 17:30:46,673 [INFO] PluginManager:220 - loadIPPluginJar : add ucpd
2025-03-06 17:30:46,679 [INFO] IPUIPlugin:80 - create IPUIPlugin
2025-03-06 17:30:46,679 [INFO] PluginManager:220 - loadIPPluginJar : add usart
2025-03-06 17:30:46,686 [INFO] IPUIPlugin:80 - create IPUIPlugin
2025-03-06 17:30:46,686 [INFO] PluginManager:220 - loadIPPluginJar : add usbx
2025-03-06 17:30:46,834 [FATAL] Updater:351 - Updater called before beeing initialized
2025-03-06 17:30:46,873 [INFO] RulesReader:64 - Compatibility file has been processed (301 Rules)
2025-03-06 17:30:46,889 [INFO] RulesReader:64 - Compatibility file has been processed (301 Rules)
2025-03-06 17:30:46,903 [INFO] CADModel:165 - CPN selected for project level
2025-03-06 17:30:46,903 [INFO] CADModel:114 - Register for checkConnection events
2025-03-06 17:30:46,904 [FATAL] Updater:351 - Updater called before beeing initialized
2025-03-06 17:30:46,904 [ERROR] CADModel:125 - Updater not yet initialized, retry later 
2025-03-06 17:30:47,137 [FATAL] Updater:351 - Updater called before beeing initialized
2025-03-06 17:30:47,141 [INFO] CADModel:165 - CPN selected for project level
2025-03-06 17:30:47,141 [INFO] CADModel:114 - Register for checkConnection events
2025-03-06 17:30:47,141 [FATAL] Updater:351 - Updater called before beeing initialized
2025-03-06 17:30:47,141 [ERROR] CADModel:125 - Updater not yet initialized, retry later 
2025-03-06 17:30:47,146 [FATAL] Updater:351 - Updater called before beeing initialized
2025-03-06 17:30:47,342 [FATAL] Updater:351 - Updater called before beeing initialized
2025-03-06 17:30:47,354 [INFO] DbMcusAds:53 - JSON generation date=Tue Dec 17 08:01:15 PST 2024 (1734451275143)
2025-03-06 17:30:47,354 [FATAL] Updater:351 - Updater called before beeing initialized
2025-03-06 17:30:47,408 [WARN] DetailPanel:346 - Failed to get advertising image, set to default
2025-03-06 17:30:47,691 [FATAL] Updater:351 - Updater called before beeing initialized
2025-03-06 17:30:47,695 [FATAL] Updater:351 - Updater called before beeing initialized
2025-03-06 17:30:47,695 [FATAL] Updater:351 - Updater called before beeing initialized
2025-03-06 17:30:47,696 [WARN] DetailPanel:346 - Failed to get advertising image, set to default
2025-03-06 17:30:47,696 [FATAL] Updater:351 - Updater called before beeing initialized
2025-03-06 17:30:47,770 [ERROR] Updater:1198 - MainUpdater not yet initialized. External WinMGr cannot be set.
2025-03-06 17:30:47,774 [INFO] Updater:1134 - Updater Version found : 6.14.0
2025-03-06 17:30:47,803 [INFO] ApplicationProperties:184 - Using Application install path: C:\ST\STM32CubeIDE_1.18.0\STM32CubeIDE\plugins\com.st.stm32cube.common.mx_6.14.0.202502271554
2025-03-06 17:30:48,135 [INFO] ThirdPartyUpdaterWithRetryManager:70 - Updater plugin not ready yet. [2/15]
2025-03-06 17:30:49,397 [ERROR] LogOutputStream:75 - [STDERR_REDIRECT] Mar 06, 2025 5:30:49 PM java.util.prefs.WindowsPreferences <init>
2025-03-06 17:30:49,399 [ERROR] LogOutputStream:75 - [STDERR_REDIRECT] WARNING: Could not open/create prefs root node Software\JavaSoft\Prefs at root 0xffffffff80000002. Windows RegCreateKeyEx(...) returned error code 5.
2025-03-06 17:30:49,399 [ERROR] LogOutputStream:75 - [STDERR_REDIRECT] 
2025-03-06 17:30:50,283 [INFO] MainUpdater:2872 - connection check result : 10
2025-03-06 17:30:50,284 [INFO] MainUpdater:289 - Updater Check For Update Now.
2025-03-06 17:30:50,284 [INFO] MicroXplorer:498 - Change Database Version : DB.6.0.140
2025-03-06 17:30:50,291 [INFO] McuFinderGlobals:63 - Set McuFinder mode to 2 (CubeIDE integrated)
2025-03-06 17:30:50,293 [INFO] UserAuth:486 - Internet connection configuration mode: 1
2025-03-06 17:30:50,331 [INFO] JxBrowserEngine:152 - Initiate JxBrowser Engine with user profile folder
2025-03-06 17:30:50,491 [INFO] CheckServerUpdateThread:120 - End of CheckServer Thread
2025-03-06 17:30:51,892 [WARN] PackLoader:240 - Cannot read IP mode file for STMicroelectronics.FP-SNS-MOTENVWB1.1.4.0
2025-03-06 17:30:51,905 [WARN] PackLoader:240 - Cannot read IP mode file for STMicroelectronics.FP-ATR-ASTRA1.2.0.2
2025-03-06 17:30:51,919 [WARN] PackLoader:240 - Cannot read IP mode file for STMicroelectronics.X-CUBE-SMBUS.2.1.0
2025-03-06 17:30:51,934 [WARN] PackLoader:240 - Cannot read IP mode file for STMicroelectronics.X-CUBE-WB05N.1.1.0
2025-03-06 17:30:51,982 [WARN] PackLoader:240 - Cannot read IP mode file for STMicroelectronics.X-CUBE-AZRTOS-F7.1.1.0
2025-03-06 17:30:52,007 [WARN] PackLoader:240 - Cannot read IP mode file for STMicroelectronics.FP-SNS-FLIGHT1.5.0.2
2025-03-06 17:30:52,042 [WARN] PackLoader:240 - Cannot read IP mode file for Infineon.AIROC-Wi-Fi-Bluetooth-STM32.1.7.0
2025-03-06 17:30:52,067 [WARN] PackLoader:240 - Cannot read IP mode file for STMicroelectronics.X-CUBE-DISPLAY.3.0.0
2025-03-06 17:30:52,088 [WARN] PackLoader:240 - Cannot read IP mode file for STMicroelectronics.X-CUBE-NFC10.1.0.0
2025-03-06 17:30:52,125 [WARN] PackLoader:240 - Cannot read IP mode file for STMicroelectronics.X-CUBE-BLEMGR.4.0.0
2025-03-06 17:30:52,142 [WARN] PackLoader:240 - Cannot read IP mode file for emotas.I-CUBE-CANOPEN.1.3.0
2025-03-06 17:30:52,188 [WARN] PackLoader:240 - Cannot read IP mode file for STMicroelectronics.X-CUBE-AI.10.0.0
2025-03-06 17:30:52,216 [WARN] PackLoader:240 - Cannot read IP mode file for STMicroelectronics.FP-SNS-SMARTAG2.1.2.0
2025-03-06 17:30:52,306 [WARN] PackLoader:240 - Cannot read IP mode file for STMicroelectronics.X-CUBE-MEMS1.11.1.0
2025-03-06 17:30:52,587 [INFO] LogOutputStream:77 - [STDOUT_REDIRECT] 1 : Invalid condition id : UX_CORESTACK_Condition cause : null
2025-03-06 17:30:52,588 [INFO] LogOutputStream:77 - [STDOUT_REDIRECT] 1 : Invalid condition id : UX_CORESTACK_Condition cause : null
2025-03-06 17:30:52,591 [INFO] LogOutputStream:77 - [STDOUT_REDIRECT] 1 : Invalid condition id : UX_CORESTACK_Condition cause : null
2025-03-06 17:30:52,592 [INFO] LogOutputStream:77 - [STDOUT_REDIRECT] 1 : Invalid condition id : UX_CORESTACK_Condition cause : null
2025-03-06 17:30:52,593 [INFO] LogOutputStream:77 - [STDOUT_REDIRECT] 1 : Invalid condition id : UX_CORESTACK_Condition cause : null
2025-03-06 17:30:52,597 [WARN] PackLoader:240 - Cannot read IP mode file for STMicroelectronics.X-CUBE-AZRTOS-WL.2.0.0
2025-03-06 17:30:52,608 [WARN] PackLoader:240 - Cannot read IP mode file for STMicroelectronics.FP-SNS-MOTENV1.5.0.0
2025-03-06 17:30:52,622 [WARN] PackLoader:240 - Cannot read IP mode file for WES.I-CUBE-Cesium.1.3.0
2025-03-06 17:30:52,631 [WARN] PackLoader:240 - Cannot read IP mode file for STMicroelectronics.X-CUBE-BLE2.3.3.0
2025-03-06 17:30:52,644 [WARN] PackLoader:240 - Cannot read IP mode file for STMicroelectronics.X-CUBE-NFC9.1.0.0
2025-03-06 17:30:52,654 [WARN] PackLoader:240 - Cannot read IP mode file for STMicroelectronics.X-CUBE-BLE1.7.1.0
2025-03-06 17:30:52,662 [WARN] PackLoader:240 - Cannot read IP mode file for wolfSSL.I-CUBE-wolfMQTT.1.19.2
2025-03-06 17:30:52,688 [WARN] PackLoader:240 - Cannot read IP mode file for STMicroelectronics.X-CUBE-AZRTOS-G0.1.1.0
2025-03-06 17:30:52,700 [WARN] PackLoader:240 - Cannot read IP mode file for STMicroelectronics.X-CUBE-SAFEA1.1.2.2
2025-03-06 17:30:52,709 [WARN] PackLoader:240 - Cannot read IP mode file for STMicroelectronics.X-CUBE-NFC4.3.0.0
2025-03-06 17:30:52,724 [WARN] PackLoader:240 - Cannot read IP mode file for EmbeddedOffice.I-CUBE-FS-RTOS.1.0.1
2025-03-06 17:30:52,744 [WARN] PackLoader:240 - Cannot read IP mode file for wolfSSL.I-CUBE-wolfTPM.3.8.0
2025-03-06 17:30:52,754 [WARN] PackLoader:240 - Cannot read IP mode file for STMicroelectronics.X-CUBE-TCPP.4.2.0
2025-03-06 17:30:52,765 [WARN] PackLoader:240 - Cannot read IP mode file for RealThread.X-CUBE-RT-Thread_Nano.4.1.1
2025-03-06 17:30:52,774 [WARN] PackLoader:240 - Cannot read IP mode file for STMicroelectronics.FP-ATR-SIGFOX1.3.2.0
2025-03-06 17:30:52,782 [WARN] ConditionMgr:438 - getConditionDescription Invalid condition id : Cortex-A Device cause : null
2025-03-06 17:30:52,810 [WARN] ConditionMgr:1044 - genDependencies : Invalid condition id : Cortex-A Device cause : null
2025-03-06 17:30:52,810 [WARN] ConditionMgr:1044 - genDependencies : Invalid condition id : Cortex-A Device cause : null
2025-03-06 17:30:52,810 [WARN] ConditionMgr:1044 - genDependencies : Invalid condition id : Cortex-A Device cause : null
2025-03-06 17:30:52,823 [WARN] PackLoader:240 - Cannot read IP mode file for STMicroelectronics.X-CUBE-EEPRMA1.5.1.0
2025-03-06 17:30:52,835 [WARN] PackLoader:240 - Cannot read IP mode file for wolfSSL.I-CUBE-wolfSSL.5.7.6
2025-03-06 17:30:52,846 [WARN] PackLoader:240 - Cannot read IP mode file for ITTIA_DB.I-CUBE-ITTIADB.8.9.0
2025-03-06 17:30:52,877 [INFO] WebApp:169 - Instantiating new browser for Auth
2025-03-06 17:30:52,881 [WARN] PackLoader:240 - Cannot read IP mode file for SEGGER.I-CUBE-embOS.1.3.1
2025-03-06 17:30:52,995 [WARN] PackLoader:240 - Cannot read IP mode file for STMicroelectronics.X-CUBE-ALGOBUILD.1.4.0
2025-03-06 17:30:53,051 [WARN] PackLoader:240 - Cannot read IP mode file for STMicroelectronics.X-CUBE-AZRTOS-F4.1.1.0
2025-03-06 17:30:53,085 [WARN] PackLoader:240 - Cannot read IP mode file for STMicroelectronics.X-CUBE-ISPU.2.1.0
2025-03-06 17:30:53,111 [WARN] PackLoader:240 - Cannot read IP mode file for STMicroelectronics.X-CUBE-AZRTOS-L5.2.0.0
2025-03-06 17:30:53,145 [WARN] PackLoader:240 - Cannot read IP mode file for STMicroelectronics.X-CUBE-NFC6.3.1.0
2025-03-06 17:30:53,160 [WARN] PackLoader:240 - Cannot read IP mode file for STMicroelectronics.X-CUBE-DPower.1.2.0
2025-03-06 17:30:53,173 [WARN] PackLoader:240 - Cannot read IP mode file for STMicroelectronics.X-CUBE-FREERTOS.1.3.0
2025-03-06 17:30:53,187 [WARN] PackLoader:240 - Cannot read IP mode file for STMicroelectronics.X-CUBE-NFC7.1.0.1
2025-03-06 17:30:53,216 [WARN] ConditionMgr:438 - getConditionDescription Invalid condition id : LAN8742 Phy interface Condition cause : null
2025-03-06 17:30:53,216 [WARN] PackLoader:240 - Cannot read IP mode file for STMicroelectronics.X-CUBE-AZRTOS-L4.2.0.0
2025-03-06 17:30:53,219 [WARN] ConditionMgr:1044 - genDependencies : Invalid condition id : LAN8742 Phy interface Condition cause : null
2025-03-06 17:30:53,219 [WARN] ConditionMgr:1044 - genDependencies : Invalid condition id : LAN8742 Phy interface Condition cause : null
2025-03-06 17:30:53,220 [WARN] ConditionMgr:1044 - genDependencies : Invalid condition id : LAN8742 Phy interface Condition cause : null
2025-03-06 17:30:53,240 [WARN] PackLoader:240 - Cannot read IP mode file for STMicroelectronics.X-CUBE-SFXS2LP1.4.0.0
2025-03-06 17:30:53,278 [WARN] PackLoader:240 - Cannot read IP mode file for STMicroelectronics.X-CUBE-AZRTOS-H7.3.3.0
2025-03-06 17:30:53,304 [WARN] ConditionMgr:438 - getConditionDescription Invalid condition id : UX DEVICE CLASS RTOS Condition cause : null
2025-03-06 17:30:53,306 [WARN] ConditionMgr:438 - getConditionDescription Invalid condition id : UX DEVICE CLASS RTOS Condition cause : null
2025-03-06 17:30:53,308 [WARN] PackLoader:240 - Cannot read IP mode file for STMicroelectronics.X-CUBE-AZRTOS-WB.2.0.0
2025-03-06 17:30:53,308 [WARN] ConditionMgr:1044 - genDependencies : Invalid condition id : UX DEVICE CLASS RTOS Condition cause : null
2025-03-06 17:30:53,308 [WARN] ConditionMgr:1044 - genDependencies : Invalid condition id : UX DEVICE CLASS RTOS Condition cause : null
2025-03-06 17:30:53,310 [WARN] ConditionMgr:1044 - genDependencies : Invalid condition id : UX DEVICE CLASS RTOS Condition cause : null
2025-03-06 17:30:53,310 [WARN] ConditionMgr:1044 - genDependencies : Invalid condition id : UX DEVICE CLASS RTOS Condition cause : null
2025-03-06 17:30:53,310 [WARN] ConditionMgr:1044 - genDependencies : Invalid condition id : UX DEVICE CLASS RTOS Condition cause : null
2025-03-06 17:30:53,319 [WARN] PackLoader:240 - Cannot read IP mode file for STMicroelectronics.X-CUBE-GNSS1.7.0.1
2025-03-06 17:30:53,337 [WARN] PackLoader:240 - Cannot read IP mode file for STMicroelectronics.FP-SNS-STBOX1.2.0.0
2025-03-06 17:30:53,363 [WARN] PackLoader:240 - Cannot read IP mode file for STMicroelectronics.X-CUBE-SUBG2.5.0.0
2025-03-06 17:30:53,384 [WARN] PackLoader:240 - Cannot read IP mode file for Cesanta.I-CUBE-Mongoose.7.13.0
2025-03-06 17:30:53,410 [WARN] PackLoader:240 - Cannot read IP mode file for STMicroelectronics.X-CUBE-AZRTOS-G4.2.0.0
2025-03-06 17:30:53,423 [WARN] PackLoader:240 - Cannot read IP mode file for wolfSSL.I-CUBE-wolfSSH.1.4.20
2025-03-06 17:30:53,437 [WARN] PackLoader:240 - Cannot read IP mode file for STMicroelectronics.X-CUBE-IPS.3.1.0
2025-03-06 17:30:53,456 [WARN] PackLoader:240 - Cannot read IP mode file for STMicroelectronics.X-CUBE-ALS.1.0.2
2025-03-06 17:30:53,469 [WARN] PackLoader:240 - Cannot read IP mode file for STMicroelectronics.X-CUBE-TOUCHGFX.4.24.2
2025-03-06 17:30:53,494 [WARN] PackLoader:240 - Cannot read IP mode file for STMicroelectronics.X-CUBE-AZRTOS-H7RS.1.0.0
2025-03-06 17:30:53,513 [WARN] PackLoader:240 - Cannot read IP mode file for STMicroelectronics.X-CUBE-TOF1.3.4.2
2025-03-06 17:30:53,550 [INFO] ThirdParty:978 - Integrity check success = true
2025-03-06 17:30:53,552 [INFO] IntegrityCheckThread:100 - exiting critical section [integrity check]
2025-03-06 17:30:53,552 [INFO] IntegrityCheckThread:103 - End integrity checks thread
2025-03-06 17:30:54,465 [INFO] WebApp:463 - Apply proxy settings
2025-03-06 17:30:54,467 [INFO] WebApp:548 - Chromium requires no authentication
2025-03-06 17:30:54,483 [INFO] WebApp:491 - Direct internet connection detected
2025-03-06 17:30:54,528 [INFO] WebApp:894 - Register for checkConnection events
2025-03-06 17:30:54,529 [INFO] WebApp:463 - Apply proxy settings
2025-03-06 17:30:54,529 [INFO] WebApp:548 - Chromium requires no authentication
2025-03-06 17:30:54,530 [INFO] WebApp:491 - Direct internet connection detected
2025-03-06 17:30:54,860 [INFO] WebApp:225 - Starting web application
2025-03-06 17:30:54,860 [INFO] WebApp:593 - Web application path used C:\ST\STM32CubeIDE_1.18.0\STM32CubeIDE\plugins\com.st.stm32cube.common.mx_6.14.0.202502271554\db\plugins\mcufinder\reactClient1\index.html
2025-03-06 17:30:55,014 [INFO] WebApp:191 - Connection restablished
2025-03-06 17:30:55,079 [INFO] UserAuth:486 - Internet connection configuration mode: 1
2025-03-06 17:31:36,848 [INFO] WebApp:194 - Connection lost
2025-03-06 17:31:37,002 [INFO] WebApp:191 - Connection restablished
2025-03-06 19:41:37,661 [ERROR] LogOutputStream:75 - [STDERR_REDIRECT] 
